Log file open, 08/18/20 11:37:11
LogInit: Display: Running engine for game: roll_and_chat
LogPlatformFile: Not using cached read wrapper
LogTaskGraph: Started task graph with 5 named threads and 23 total threads with 3 sets of task threads.
LogStats: Stats thread started at 10.238911
LogD3D11RHI: Loaded GFSDK_Aftermath_Lib.x64.dll
LogICUInternationalization: ICU TimeZone Detection - Raw Offset: +3:00, Platform Override: ''
LogPluginManager: Mounting plugin Paper2D
LogPluginManager: Mounting plugin AISupport
LogPluginManager: Mounting plugin LightPropagationVolume
LogPluginManager: Mounting plugin CameraShakePreviewer
LogPluginManager: Mounting plugin ActorLayerUtilities
LogPluginManager: Mounting plugin AnimationSharing
LogPluginManager: Mounting plugin CLionSourceCodeAccess
LogPluginManager: Mounting plugin CodeLiteSourceCodeAccess
LogPluginManager: Mounting plugin GitSourceControl
LogPluginManager: Mounting plugin KDevelopSourceCodeAccess
LogPluginManager: Mounting plugin NullSourceCodeAccess
LogPluginManager: Mounting plugin PerforceSourceControl
LogPluginManager: Mounting plugin PlasticSourceControl
LogPluginManager: Mounting plugin RiderSourceCodeAccess
LogPluginManager: Mounting plugin SubversionSourceControl
LogPluginManager: Mounting plugin UObjectPlugin
LogPluginManager: Mounting plugin VisualStudioCodeSourceCodeAccess
LogPluginManager: Mounting plugin VisualStudioSourceCodeAccess
LogPluginManager: Mounting plugin XCodeSourceCodeAccess
LogPluginManager: Mounting plugin AssetManagerEditor
LogPluginManager: Mounting plugin CryptoKeys
LogPluginManager: Mounting plugin CurveEditorTools
LogPluginManager: Mounting plugin DataValidation
LogPluginManager: Mounting plugin EditorScriptingUtilities
LogPluginManager: Mounting plugin FacialAnimation
LogPluginManager: Mounting plugin GameplayTagsEditor
LogPluginManager: Mounting plugin GeometryMode
LogPluginManager: Mounting plugin MacGraphicsSwitching
LogPluginManager: Mounting plugin MaterialAnalyzer
LogPluginManager: Mounting plugin MobileLauncherProfileWizard
LogPluginManager: Mounting plugin PluginBrowser
LogPluginManager: Mounting plugin SpeedTreeImporter
LogPluginManager: Mounting plugin DatasmithContent
LogPluginManager: Mounting plugin VariantManagerContent
LogPluginManager: Mounting plugin AlembicImporter
LogPluginManager: Mounting plugin AutomationUtils
LogPluginManager: Mounting plugin BackChannel
LogPluginManager: Mounting plugin ChaosCloth
LogPluginManager: Mounting plugin ChaosClothEditor
LogPluginManager: Mounting plugin ChaosEditor
LogPluginManager: Mounting plugin ChaosNiagara
LogPluginManager: Mounting plugin ChaosSolverPlugin
LogPluginManager: Mounting plugin CharacterAI
LogPluginManager: Mounting plugin GeometryCache
LogPluginManager: Mounting plugin GeometryCollectionPlugin
LogPluginManager: Mounting plugin GeometryProcessing
LogPluginManager: Mounting plugin PlanarCut
LogPluginManager: Mounting plugin PlatformCrypto
LogPluginManager: Mounting plugin ProxyLODPlugin
LogPluginManager: Mounting plugin PythonScriptPlugin
LogPluginManager: Mounting plugin SkeletalReduction
LogPluginManager: Mounting plugin Niagara
LogPluginManager: Mounting plugin MagicLeap
LogPluginManager: Mounting plugin MagicLeapLightEstimation
LogPluginManager: Mounting plugin MagicLeapMedia
LogPluginManager: Mounting plugin MagicLeapPassableWorld
LogPluginManager: Mounting plugin MLSDK
LogPluginManager: Mounting plugin AndroidMedia
LogPluginManager: Mounting plugin AvfMedia
LogPluginManager: Mounting plugin ImgMedia
LogPluginManager: Mounting plugin MediaCompositing
LogPluginManager: Mounting plugin MediaPlayerEditor
LogPluginManager: Mounting plugin WebMMedia
LogPluginManager: Mounting plugin WmfMedia
LogPluginManager: Mounting plugin MeshPainting
LogPluginManager: Mounting plugin TcpMessaging
LogPluginManager: Mounting plugin UdpMessaging
LogPluginManager: Mounting plugin ActorSequence
LogPluginManager: Mounting plugin LevelSequenceEditor
LogPluginManager: Mounting plugin MatineeToLevelSequence
LogPluginManager: Mounting plugin TemplateSequence
LogPluginManager: Mounting plugin NetcodeUnitTest
LogPluginManager: Mounting plugin NUTUnrealEngine4
LogPluginManager: Mounting plugin OnlineSubsystemGooglePlay
LogPluginManager: Mounting plugin OnlineSubsystemIOS
LogPluginManager: Mounting plugin OnlineSubsystem
LogPluginManager: Mounting plugin OnlineSubsystemNull
LogPluginManager: Mounting plugin OnlineSubsystemUtils
LogPluginManager: Mounting plugin LauncherChunkInstaller
LogPluginManager: Mounting plugin AndroidDeviceProfileSelector
LogPluginManager: Mounting plugin AndroidMoviePlayer
LogPluginManager: Mounting plugin AndroidPermission
LogPluginManager: Mounting plugin AppleImageUtils
LogPluginManager: Mounting plugin AppleMoviePlayer
LogPluginManager: Mounting plugin ArchVisCharacter
LogPluginManager: Mounting plugin AssetTags
LogPluginManager: Mounting plugin AudioCapture
LogPluginManager: Mounting plugin CableComponent
LogPluginManager: Mounting plugin CustomMeshComponent
LogPluginManager: Mounting plugin EditableMesh
LogPluginManager: Mounting plugin ExampleDeviceProfileSelector
LogPluginManager: Mounting plugin GoogleCloudMessaging
LogPluginManager: Mounting plugin GooglePAD
LogPluginManager: Mounting plugin IOSDeviceProfileSelector
LogPluginManager: Mounting plugin LinuxDeviceProfileSelector
LogPluginManager: Mounting plugin LocationServicesBPLibrary
LogPluginManager: Mounting plugin MobilePatchingUtils
LogPluginManager: Mounting plugin OculusVR
LogPluginManager: Mounting plugin PhysXVehicles
LogPluginManager: Mounting plugin PostSplashScreen
LogPluginManager: Mounting plugin ProceduralMeshComponent
LogPluginManager: Mounting plugin RuntimePhysXCooking
LogPluginManager: Mounting plugin SignificanceManager
LogPluginManager: Mounting plugin SoundFields
LogPluginManager: Mounting plugin SteamVR
LogPluginManager: Mounting plugin Synthesis
LogPluginManager: Mounting plugin WebMMoviePlayer
LogPluginManager: Mounting plugin WindowsMoviePlayer
LogPluginManager: Mounting plugin ScreenshotTools
LogInit: Using libcurl 7.55.1-DEV
LogInit:  - built for x86_64-pc-win32
LogInit:  - supports SSL with OpenSSL/1.1.1
LogInit:  - supports HTTP deflate (compression) using libz 1.2.8
LogInit:  - other features:
LogInit:      CURL_VERSION_SSL
LogInit:      CURL_VERSION_LIBZ
LogInit:      CURL_VERSION_IPV6
LogInit:      CURL_VERSION_ASYNCHDNS
LogInit:      CURL_VERSION_LARGEFILE
LogInit:      CURL_VERSION_IDN
LogInit:  CurlRequestOptions (configurable via config and command line):
LogInit:  - bVerifyPeer = true  - Libcurl will verify peer certificate
LogInit:  - bUseHttpProxy = false  - Libcurl will NOT use HTTP proxy
LogInit:  - bDontReuseConnections = false  - Libcurl will reuse connections
LogInit:  - MaxHostConnections = 16  - Libcurl will limit the number of connections to a host
LogInit:  - LocalHostAddr = Default
LogInit:  - BufferSize = 65536
LogOnline: OSS: Creating online subsystem instance for: NULL
LogInit: WinSock: version 1.1 (2.2), MaxSocks=32767, MaxUdp=65467
LogOnline: OSS: TryLoadSubsystemAndSetDefault: Loaded subsystem for module [NULL]
LogInit: Build: ++UE4+Release-4.25-CL-13594126
LogInit: Engine Version: 4.25.1-13594126+++UE4+Release-4.25
LogInit: Compatible Engine Version: 4.25.0-13144385+++UE4+Release-4.25
LogInit: Net CL: 13144385
LogInit: OS: Windows 10 (Release 1909) (), CPU: Intel(R) Core(TM) i7-4770 CPU @ 3.40GHz, GPU: NVIDIA GeForce GTX 760
LogInit: Compiled (64-bit): Jun  2 2020 02:10:36
LogInit: Compiled with Visual C++: 19.24.28315.00
LogInit: Build Configuration: Development
LogInit: Branch Name: ++UE4+Release-4.25
LogInit: Command Line: 
LogInit: Base Directory: C:/Program Files/Epic Games/UE_4.25/Engine/Binaries/Win64/
LogInit: Allocator: TBB
LogInit: Installed Engine Build: 1
LogDevObjectVersion: Number of dev versions registered: 26
LogDevObjectVersion:   Dev-Blueprints (B0D832E4-1F89-4F0D-ACCF-7EB736FD4AA2): 10
LogDevObjectVersion:   Dev-Build (E1C64328-A22C-4D53-A36C-8E866417BD8C): 0
LogDevObjectVersion:   Dev-Core (375EC13C-06E4-48FB-B500-84F0262A717E): 4
LogDevObjectVersion:   Dev-Editor (E4B068ED-F494-42E9-A231-DA0B2E46BB41): 38
LogDevObjectVersion:   Dev-Framework (CFFC743F-43B0-4480-9391-14DF171D2073): 37
LogDevObjectVersion:   Dev-Mobile (B02B49B5-BB20-44E9-A304-32B752E40360): 2
LogDevObjectVersion:   Dev-Networking (A4E4105C-59A1-49B5-A7C5-40C4547EDFEE): 0
LogDevObjectVersion:   Dev-Online (39C831C9-5AE6-47DC-9A44-9C173E1C8E7C): 0
LogDevObjectVersion:   Dev-Physics (78F01B33-EBEA-4F98-B9B4-84EACCB95AA2): 4
LogDevObjectVersion:   Dev-Platform (6631380F-2D4D-43E0-8009-CF276956A95A): 0
LogDevObjectVersion:   Dev-Rendering (12F88B9F-8875-4AFC-A67C-D90C383ABD29): 43
LogDevObjectVersion:   Dev-Sequencer (7B5AE74C-D270-4C10-A958-57980B212A5A): 12
LogDevObjectVersion:   Dev-VR (D7296918-1DD6-4BDD-9DE2-64A83CC13884): 3
LogDevObjectVersion:   Dev-LoadTimes (C2A15278-BFE7-4AFE-6C17-90FF531DF755): 1
LogDevObjectVersion:   Private-Geometry (6EACA3D4-40EC-4CC1-B786-8BED09428FC5): 3
LogDevObjectVersion:   Dev-AnimPhys (29E575DD-E0A3-4627-9D10-D276232CDCEA): 17
LogDevObjectVersion:   Dev-Anim (AF43A65D-7FD3-4947-9873-3E8ED9C1BB05): 7
LogDevObjectVersion:   Dev-ReflectionCapture (6B266CEC-1EC7-4B8F-A30B-E4D90942FC07): 1
LogDevObjectVersion:   Dev-Automation (0DF73D61-A23F-47EA-B727-89E90C41499A): 1
LogDevObjectVersion:   FortniteMain (601D1886-AC64-4F84-AA16-D3DE0DEAC7D6): 31
LogDevObjectVersion:   Dev-Enterprise (9DFFBCD6-494F-0158-E221-12823C92A888): 10
LogDevObjectVersion:   Dev-Niagara (F2AED0AC-9AFE-416F-8664-AA7FFA26D6FC): 1
LogDevObjectVersion:   Dev-Destruction (174F1F0B-B4C6-45A5-B13F-2EE8D0FB917D): 10
LogDevObjectVersion:   Dev-Physics-Ext (35F94A83-E258-406C-A318-09F59610247C): 37
LogDevObjectVersion:   Dev-PhysicsMaterial-Chaos (B68FC16E-8B1B-42E2-B453-215C058844FE): 1
LogDevObjectVersion:   Dev-CineCamera (B2E18506-4273-CFC2-A54E-F4BB758BBA07): 1
LogInit: Presizing for max 25165824 objects, including 0 objects not considered by GC, pre-allocating 0 bytes for permanent pool.
LogConfig: Applying CVar settings from Section [/Script/Engine.StreamingSettings] File [C:/Users/administrator/Desktop/Project_UE4/roll_and_chat/Saved/Config/Windows/Engine.ini]
LogConfig: Setting CVar [[s.MinBulkDataSizeForAsyncLoading:131072]]
LogConfig: Setting CVar [[s.AsyncLoadingThreadEnabled:0]]
LogConfig: Setting CVar [[s.EventDrivenLoaderEnabled:1]]
LogConfig: Setting CVar [[s.WarnIfTimeLimitExceeded:0]]
LogConfig: Setting CVar [[s.TimeLimitExceededMultiplier:1.5]]
LogConfig: Setting CVar [[s.TimeLimitExceededMinTime:0.005]]
LogConfig: Setting CVar [[s.UseBackgroundLevelStreaming:1]]
LogConfig: Setting CVar [[s.PriorityAsyncLoadingExtraTime:15.0]]
LogConfig: Setting CVar [[s.LevelStreamingActorsUpdateTimeLimit:5.0]]
LogConfig: Setting CVar [[s.PriorityLevelStreamingActorsUpdateExtraTime:5.0]]
LogConfig: Setting CVar [[s.LevelStreamingComponentsRegistrationGranularity:10]]
LogConfig: Setting CVar [[s.UnregisterComponentsTimeLimit:1.0]]
LogConfig: Setting CVar [[s.LevelStreamingComponentsUnregistrationGranularity:5]]
LogConfig: Setting CVar [[s.FlushStreamingOnExit:1]]
LogInit: Object subsystem initialized
LogConfig: Setting CVar [[con.DebugEarlyDefault:1]]
LogConfig: Setting CVar [[r.setres:1280x720]]
[2020.08.18-08.37.15:058][  0]LogConfig: Setting CVar [[r.VSync:0]]
[2020.08.18-08.37.15:058][  0]LogConfig: Setting CVar [[r.RHICmdBypass:0]]
[2020.08.18-08.37.15:058][  0]LogConfig: Applying CVar settings from Section [/Script/Engine.RendererSettings] File [C:/Users/administrator/Desktop/Project_UE4/roll_and_chat/Saved/Config/Windows/Engine.ini]
[2020.08.18-08.37.15:058][  0]LogConfig: Setting CVar [[r.GPUCrashDebugging:0]]
[2020.08.18-08.37.15:058][  0]LogConfig: Applying CVar settings from Section [/Script/Engine.RendererOverrideSettings] File [C:/Users/administrator/Desktop/Project_UE4/roll_and_chat/Saved/Config/Windows/Engine.ini]
[2020.08.18-08.37.15:058][  0]LogConfig: Applying CVar settings from Section [/Script/Engine.StreamingSettings] File [C:/Users/administrator/Desktop/Project_UE4/roll_and_chat/Saved/Config/Windows/Engine.ini]
[2020.08.18-08.37.15:058][  0]LogConfig: Setting CVar [[s.MinBulkDataSizeForAsyncLoading:131072]]
[2020.08.18-08.37.15:058][  0]LogConfig: Setting CVar [[s.AsyncLoadingThreadEnabled:0]]
[2020.08.18-08.37.15:059][  0]LogConfig: Setting CVar [[s.EventDrivenLoaderEnabled:1]]
[2020.08.18-08.37.15:059][  0]LogConfig: Setting CVar [[s.WarnIfTimeLimitExceeded:0]]
[2020.08.18-08.37.15:059][  0]LogConfig: Setting CVar [[s.TimeLimitExceededMultiplier:1.5]]
[2020.08.18-08.37.15:059][  0]LogConfig: Setting CVar [[s.TimeLimitExceededMinTime:0.005]]
[2020.08.18-08.37.15:059][  0]LogConfig: Setting CVar [[s.UseBackgroundLevelStreaming:1]]
[2020.08.18-08.37.15:059][  0]LogConfig: Setting CVar [[s.PriorityAsyncLoadingExtraTime:15.0]]
[2020.08.18-08.37.15:059][  0]LogConfig: Setting CVar [[s.LevelStreamingActorsUpdateTimeLimit:5.0]]
[2020.08.18-08.37.15:059][  0]LogConfig: Setting CVar [[s.PriorityLevelStreamingActorsUpdateExtraTime:5.0]]
[2020.08.18-08.37.15:059][  0]LogConfig: Setting CVar [[s.LevelStreamingComponentsRegistrationGranularity:10]]
[2020.08.18-08.37.15:059][  0]LogConfig: Setting CVar [[s.UnregisterComponentsTimeLimit:1.0]]
[2020.08.18-08.37.15:059][  0]LogConfig: Setting CVar [[s.LevelStreamingComponentsUnregistrationGranularity:5]]
[2020.08.18-08.37.15:059][  0]LogConfig: Setting CVar [[s.FlushStreamingOnExit:1]]
[2020.08.18-08.37.15:059][  0]LogConfig: Applying CVar settings from Section [/Script/Engine.GarbageCollectionSettings] File [C:/Users/administrator/Desktop/Project_UE4/roll_and_chat/Saved/Config/Windows/Engine.ini]
[2020.08.18-08.37.15:059][  0]LogConfig: Setting CVar [[gc.MaxObjectsNotConsideredByGC:1]]
[2020.08.18-08.37.15:059][  0]LogConfig: Setting CVar [[gc.SizeOfPermanentObjectPool:0]]
[2020.08.18-08.37.15:059][  0]LogConfig: Setting CVar [[gc.FlushStreamingOnGC:0]]
[2020.08.18-08.37.15:059][  0]LogConfig: Setting CVar [[gc.NumRetriesBeforeForcingGC:10]]
[2020.08.18-08.37.15:059][  0]LogConfig: Setting CVar [[gc.AllowParallelGC:1]]
[2020.08.18-08.37.15:060][  0]LogConfig: Setting CVar [[gc.TimeBetweenPurgingPendingKillObjects:61.1]]
[2020.08.18-08.37.15:060][  0]LogConfig: Setting CVar [[gc.MaxObjectsInEditor:25165824]]
[2020.08.18-08.37.15:060][  0]LogConfig: Setting CVar [[gc.IncrementalBeginDestroyEnabled:1]]
[2020.08.18-08.37.15:060][  0]LogConfig: Setting CVar [[gc.CreateGCClusters:1]]
[2020.08.18-08.37.15:060][  0]LogConfig: Setting CVar [[gc.MinGCClusterSize:5]]
[2020.08.18-08.37.15:060][  0]LogConfig: Setting CVar [[gc.ActorClusteringEnabled:0]]
[2020.08.18-08.37.15:060][  0]LogConfig: Setting CVar [[gc.BlueprintClusteringEnabled:0]]
[2020.08.18-08.37.15:060][  0]LogConfig: Setting CVar [[gc.UseDisregardForGCOnDedicatedServers:0]]
[2020.08.18-08.37.15:060][  0]LogConfig: Applying CVar settings from Section [/Script/Engine.NetworkSettings] File [C:/Users/administrator/Desktop/Project_UE4/roll_and_chat/Saved/Config/Windows/Engine.ini]
[2020.08.18-08.37.15:060][  0]LogConfig: Applying CVar settings from Section [/Script/UnrealEd.CookerSettings] File [C:/Users/administrator/Desktop/Project_UE4/roll_and_chat/Saved/Config/Windows/Engine.ini]
[2020.08.18-08.37.15:101][  0]LogConfig: Applying CVar settings from Section [ViewDistanceQuality@3] File [C:/Users/administrator/Desktop/Project_UE4/roll_and_chat/Saved/Config/Windows/Scalability.ini]
[2020.08.18-08.37.15:101][  0]LogConfig: Setting CVar [[r.SkeletalMeshLODBias:0]]
[2020.08.18-08.37.15:101][  0]LogConfig: Setting CVar [[r.ViewDistanceScale:1.0]]
[2020.08.18-08.37.15:101][  0]LogConfig: Applying CVar settings from Section [AntiAliasingQuality@3] File [C:/Users/administrator/Desktop/Project_UE4/roll_and_chat/Saved/Config/Windows/Scalability.ini]
[2020.08.18-08.37.15:101][  0]LogConfig: Setting CVar [[r.PostProcessAAQuality:4]]
[2020.08.18-08.37.15:102][  0]LogConfig: Applying CVar settings from Section [ShadowQuality@3] File [C:/Users/administrator/Desktop/Project_UE4/roll_and_chat/Saved/Config/Windows/Scalability.ini]
[2020.08.18-08.37.15:102][  0]LogConfig: Setting CVar [[r.LightFunctionQuality:1]]
[2020.08.18-08.37.15:102][  0]LogConfig: Setting CVar [[r.ShadowQuality:5]]
[2020.08.18-08.37.15:102][  0]LogConfig: Setting CVar [[r.Shadow.CSM.MaxCascades:10]]
[2020.08.18-08.37.15:102][  0]LogConfig: Setting CVar [[r.Shadow.MaxResolution:2048]]
[2020.08.18-08.37.15:102][  0]LogConfig: Setting CVar [[r.Shadow.MaxCSMResolution:2048]]
[2020.08.18-08.37.15:102][  0]LogConfig: Setting CVar [[r.Shadow.RadiusThreshold:0.01]]
[2020.08.18-08.37.15:102][  0]LogConfig: Setting CVar [[r.Shadow.DistanceScale:1.0]]
[2020.08.18-08.37.15:102][  0]LogConfig: Setting CVar [[r.Shadow.CSM.TransitionScale:1.0]]
[2020.08.18-08.37.15:102][  0]LogConfig: Setting CVar [[r.Shadow.PreShadowResolutionFactor:1.0]]
[2020.08.18-08.37.15:102][  0]LogConfig: Setting CVar [[r.DistanceFieldShadowing:1]]
[2020.08.18-08.37.15:102][  0]LogConfig: Setting CVar [[r.DistanceFieldAO:1]]
[2020.08.18-08.37.15:102][  0]LogConfig: Setting CVar [[r.AOQuality:2]]
[2020.08.18-08.37.15:102][  0]LogConfig: Setting CVar [[r.VolumetricFog:1]]
[2020.08.18-08.37.15:102][  0]LogConfig: Setting CVar [[r.VolumetricFog.GridPixelSize:8]]
[2020.08.18-08.37.15:102][  0]LogConfig: Setting CVar [[r.VolumetricFog.GridSizeZ:128]]
[2020.08.18-08.37.15:102][  0]LogConfig: Setting CVar [[r.VolumetricFog.HistoryMissSupersampleCount:4]]
[2020.08.18-08.37.15:102][  0]LogConfig: Setting CVar [[r.LightMaxDrawDistanceScale:1]]
[2020.08.18-08.37.15:103][  0]LogConfig: Setting CVar [[r.CapsuleShadows:1]]
[2020.08.18-08.37.15:103][  0]LogConfig: Applying CVar settings from Section [PostProcessQuality@3] File [C:/Users/administrator/Desktop/Project_UE4/roll_and_chat/Saved/Config/Windows/Scalability.ini]
[2020.08.18-08.37.15:103][  0]LogConfig: Setting CVar [[r.MotionBlurQuality:4]]
[2020.08.18-08.37.15:103][  0]LogConfig: Setting CVar [[r.AmbientOcclusionMipLevelFactor:0.4]]
[2020.08.18-08.37.15:103][  0]LogConfig: Setting CVar [[r.AmbientOcclusionMaxQuality:100]]
[2020.08.18-08.37.15:103][  0]LogConfig: Setting CVar [[r.AmbientOcclusionLevels:-1]]
[2020.08.18-08.37.15:103][  0]LogConfig: Setting CVar [[r.AmbientOcclusionRadiusScale:1.0]]
[2020.08.18-08.37.15:103][  0]LogConfig: Setting CVar [[r.DepthOfFieldQuality:2]]
[2020.08.18-08.37.15:103][  0]LogConfig: Setting CVar [[r.RenderTargetPoolMin:400]]
[2020.08.18-08.37.15:103][  0]LogConfig: Setting CVar [[r.LensFlareQuality:2]]
[2020.08.18-08.37.15:103][  0]LogConfig: Setting CVar [[r.SceneColorFringeQuality:1]]
[2020.08.18-08.37.15:103][  0]LogConfig: Setting CVar [[r.EyeAdaptationQuality:2]]
[2020.08.18-08.37.15:103][  0]LogConfig: Setting CVar [[r.BloomQuality:5]]
[2020.08.18-08.37.15:104][  0]LogConfig: Setting CVar [[r.FastBlurThreshold:100]]
[2020.08.18-08.37.15:104][  0]LogConfig: Setting CVar [[r.Upscale.Quality:3]]
[2020.08.18-08.37.15:104][  0]LogConfig: Setting CVar [[r.Tonemapper.GrainQuantization:1]]
[2020.08.18-08.37.15:104][  0]LogConfig: Setting CVar [[r.LightShaftQuality:1]]
[2020.08.18-08.37.15:104][  0]LogConfig: Setting CVar [[r.Filter.SizeScale:1]]
[2020.08.18-08.37.15:104][  0]LogConfig: Setting CVar [[r.Tonemapper.Quality:5]]
[2020.08.18-08.37.15:104][  0]LogConfig: Setting CVar [[r.DOF.Gather.AccumulatorQuality:1        ; higher gathering accumulator quality]]
[2020.08.18-08.37.15:104][  0]LogConfig: Setting CVar [[r.DOF.Gather.PostfilterMethod:1          ; Median3x3 postfilering method]]
[2020.08.18-08.37.15:104][  0]LogConfig: Setting CVar [[r.DOF.Gather.EnableBokehSettings:0       ; no bokeh simulation when gathering]]
[2020.08.18-08.37.15:104][  0]LogConfig: Setting CVar [[r.DOF.Gather.RingCount:4                 ; medium number of samples when gathering]]
[2020.08.18-08.37.15:104][  0]LogConfig: Setting CVar [[r.DOF.Scatter.ForegroundCompositing:1    ; additive foreground scattering]]
[2020.08.18-08.37.15:104][  0]LogConfig: Setting CVar [[r.DOF.Scatter.BackgroundCompositing:2    ; additive background scattering]]
[2020.08.18-08.37.15:104][  0]LogConfig: Setting CVar [[r.DOF.Scatter.EnableBokehSettings:1      ; bokeh simulation when scattering]]
[2020.08.18-08.37.15:104][  0]LogConfig: Setting CVar [[r.DOF.Scatter.MaxSpriteRatio:0.1         ; only a maximum of 10% of scattered bokeh]]
[2020.08.18-08.37.15:104][  0]LogConfig: Setting CVar [[r.DOF.Recombine.Quality:1                ; cheap slight out of focus]]
[2020.08.18-08.37.15:104][  0]LogConfig: Setting CVar [[r.DOF.Recombine.EnableBokehSettings:0    ; no bokeh simulation on slight out of focus]]
[2020.08.18-08.37.15:105][  0]LogConfig: Setting CVar [[r.DOF.TemporalAAQuality:1                ; more stable temporal accumulation]]
[2020.08.18-08.37.15:105][  0]LogConfig: Setting CVar [[r.DOF.Kernel.MaxForegroundRadius:0.025]]
[2020.08.18-08.37.15:105][  0]LogConfig: Setting CVar [[r.DOF.Kernel.MaxBackgroundRadius:0.025]]
[2020.08.18-08.37.15:105][  0]LogConfig: Applying CVar settings from Section [TextureQuality@3] File [C:/Users/administrator/Desktop/Project_UE4/roll_and_chat/Saved/Config/Windows/Scalability.ini]
[2020.08.18-08.37.15:105][  0]LogConfig: Setting CVar [[r.Streaming.MipBias:0]]
[2020.08.18-08.37.15:105][  0]LogConfig: Setting CVar [[r.Streaming.AmortizeCPUToGPUCopy:0]]
[2020.08.18-08.37.15:105][  0]LogConfig: Setting CVar [[r.Streaming.MaxNumTexturesToStreamPerFrame:0]]
[2020.08.18-08.37.15:105][  0]LogConfig: Setting CVar [[r.Streaming.Boost:1]]
[2020.08.18-08.37.15:105][  0]LogConfig: Setting CVar [[r.MaxAnisotropy:8]]
[2020.08.18-08.37.15:105][  0]LogConfig: Setting CVar [[r.VT.MaxAnisotropy:8]]
[2020.08.18-08.37.15:105][  0]LogConfig: Setting CVar [[r.Streaming.LimitPoolSizeToVRAM:0]]
[2020.08.18-08.37.15:105][  0]LogConfig: Setting CVar [[r.Streaming.PoolSize:1000]]
[2020.08.18-08.37.15:105][  0]LogConfig: Setting CVar [[r.Streaming.MaxEffectiveScreenSize:0]]
[2020.08.18-08.37.15:105][  0]LogConfig: Applying CVar settings from Section [EffectsQuality@3] File [C:/Users/administrator/Desktop/Project_UE4/roll_and_chat/Saved/Config/Windows/Scalability.ini]
[2020.08.18-08.37.15:106][  0]LogConfig: Setting CVar [[r.TranslucencyLightingVolumeDim:64]]
[2020.08.18-08.37.15:106][  0]LogConfig: Setting CVar [[r.RefractionQuality:2]]
[2020.08.18-08.37.15:106][  0]LogConfig: Setting CVar [[r.SSR.Quality:3]]
[2020.08.18-08.37.15:106][  0]LogConfig: Setting CVar [[r.SSR.HalfResSceneColor:0]]
[2020.08.18-08.37.15:106][  0]LogConfig: Setting CVar [[r.SceneColorFormat:4]]
[2020.08.18-08.37.15:106][  0]LogConfig: Setting CVar [[r.DetailMode:2]]
[2020.08.18-08.37.15:106][  0]LogConfig: Setting CVar [[r.TranslucencyVolumeBlur:1]]
[2020.08.18-08.37.15:106][  0]LogConfig: Setting CVar [[r.MaterialQualityLevel:1 ; High quality]]
[2020.08.18-08.37.15:106][  0]LogConfig: Setting CVar [[r.SSS.Scale:1]]
[2020.08.18-08.37.15:106][  0]LogConfig: Setting CVar [[r.SSS.SampleSet:2]]
[2020.08.18-08.37.15:106][  0]LogConfig: Setting CVar [[r.SSS.Quality:1]]
[2020.08.18-08.37.15:106][  0]LogConfig: Setting CVar [[r.SSS.HalfRes:0]]
[2020.08.18-08.37.15:106][  0]LogConfig: Setting CVar [[r.SSGI.Quality:3]]
[2020.08.18-08.37.15:106][  0]LogConfig: Setting CVar [[r.EmitterSpawnRateScale:1.0]]
[2020.08.18-08.37.15:106][  0]LogConfig: Setting CVar [[r.ParticleLightQuality:2]]
[2020.08.18-08.37.15:106][  0]LogConfig: Setting CVar [[r.SkyAtmosphere.AerialPerspectiveLUT.FastApplyOnOpaque:1 ; Always have FastSkyLUT 1 in this case to avoid wrong sky]]
[2020.08.18-08.37.15:107][  0]LogConfig: Setting CVar [[r.SkyAtmosphere.AerialPerspectiveLUT.SampleCountPerSlice:1]]
[2020.08.18-08.37.15:107][  0]LogConfig: Setting CVar [[r.SkyAtmosphere.AerialPerspectiveLUT.DepthResolution:16.0]]
[2020.08.18-08.37.15:107][  0]LogConfig: Setting CVar [[r.SkyAtmosphere.FastSkyLUT:1]]
[2020.08.18-08.37.15:107][  0]LogConfig: Setting CVar [[r.SkyAtmosphere.FastSkyLUT.SampleCountMin:4.0]]
[2020.08.18-08.37.15:107][  0]LogConfig: Setting CVar [[r.SkyAtmosphere.FastSkyLUT.SampleCountMax:32.0]]
[2020.08.18-08.37.15:107][  0]LogConfig: Setting CVar [[r.SkyAtmosphere.SampleCountMin:4.0]]
[2020.08.18-08.37.15:107][  0]LogConfig: Setting CVar [[r.SkyAtmosphere.SampleCountMax:32.0]]
[2020.08.18-08.37.15:107][  0]LogConfig: Setting CVar [[r.SkyAtmosphere.TransmittanceLUT.UseSmallFormat:0]]
[2020.08.18-08.37.15:107][  0]LogConfig: Setting CVar [[r.SkyAtmosphere.TransmittanceLUT.SampleCount:10.0]]
[2020.08.18-08.37.15:107][  0]LogConfig: Setting CVar [[r.SkyAtmosphere.MultiScatteringLUT.SampleCount:15.0]]
[2020.08.18-08.37.15:107][  0]LogConfig: Applying CVar settings from Section [FoliageQuality@3] File [C:/Users/administrator/Desktop/Project_UE4/roll_and_chat/Saved/Config/Windows/Scalability.ini]
[2020.08.18-08.37.15:107][  0]LogConfig: Setting CVar [[foliage.DensityScale:1.0]]
[2020.08.18-08.37.15:107][  0]LogConfig: Setting CVar [[grass.DensityScale:1.0]]
[2020.08.18-08.37.15:107][  0]LogConfig: Applying CVar settings from Section [ShadingQuality@3] File [C:/Users/administrator/Desktop/Project_UE4/roll_and_chat/Saved/Config/Windows/Scalability.ini]
[2020.08.18-08.37.15:107][  0]LogConfig: Setting CVar [[r.HairStrands.SkyLighting.SampleCount:16]]
[2020.08.18-08.37.15:107][  0]LogConfig: Setting CVar [[r.HairStrands.SkyLighting.JitterIntegration:0]]
[2020.08.18-08.37.15:107][  0]LogConfig: Setting CVar [[r.HairStrands.SkyAO.SampleCount:16]]
[2020.08.18-08.37.15:107][  0]LogConfig: Setting CVar [[r.HairStrands.DeepShadow.SuperSampling:0]]
[2020.08.18-08.37.15:107][  0]LogConfig: Setting CVar [[r.HairStrands.VisibilityPPLL:0]]
[2020.08.18-08.37.15:108][  0]LogConfig: Setting CVar [[r.HairStrands.RasterizationScale:0.5]]
[2020.08.18-08.37.15:108][  0]LogConfig: Setting CVar [[r.HairStrands.VelocityRasterizationScale:1]]
[2020.08.18-08.37.15:108][  0]LogInit: Selected Device Profile: [Windows]
[2020.08.18-08.37.15:108][  0]LogInit: Applying CVar settings loaded from the selected device profile: [Windows]
[2020.08.18-08.37.15:162][  0]LogHAL: Display: Platform has ~ 8 GB [8463032320 / 8589934592 / 8], which maps to Default [LargestMinGB=32, LargerMinGB=12, DefaultMinGB=8, SmallerMinGB=6, SmallestMinGB=0)
[2020.08.18-08.37.15:163][  0]LogInit: Going up to parent DeviceProfile []
[2020.08.18-08.37.15:163][  0]LogConfig: Applying CVar settings from Section [ViewDistanceQuality@0] File [C:/Users/administrator/Desktop/Project_UE4/roll_and_chat/Saved/Config/Windows/Scalability.ini]
[2020.08.18-08.37.15:163][  0]LogConfig: Setting CVar [[r.SkeletalMeshLODBias:2]]
[2020.08.18-08.37.15:163][  0]LogConfig: Setting CVar [[r.ViewDistanceScale:0.4]]
[2020.08.18-08.37.15:163][  0]LogConfig: Applying CVar settings from Section [AntiAliasingQuality@0] File [C:/Users/administrator/Desktop/Project_UE4/roll_and_chat/Saved/Config/Windows/Scalability.ini]
[2020.08.18-08.37.15:164][  0]LogConfig: Setting CVar [[r.PostProcessAAQuality:0]]
[2020.08.18-08.37.15:164][  0]LogConfig: Applying CVar settings from Section [ShadowQuality@0] File [C:/Users/administrator/Desktop/Project_UE4/roll_and_chat/Saved/Config/Windows/Scalability.ini]
[2020.08.18-08.37.15:164][  0]LogConfig: Setting CVar [[r.LightFunctionQuality:0]]
[2020.08.18-08.37.15:164][  0]LogConfig: Setting CVar [[r.ShadowQuality:0]]
[2020.08.18-08.37.15:164][  0]LogConfig: Setting CVar [[r.Shadow.CSM.MaxCascades:1]]
[2020.08.18-08.37.15:164][  0]LogConfig: Setting CVar [[r.Shadow.MaxResolution:512]]
[2020.08.18-08.37.15:164][  0]LogConfig: Setting CVar [[r.Shadow.MaxCSMResolution:512]]
[2020.08.18-08.37.15:164][  0]LogConfig: Setting CVar [[r.Shadow.RadiusThreshold:0.06]]
[2020.08.18-08.37.15:164][  0]LogConfig: Setting CVar [[r.Shadow.DistanceScale:0.6]]
[2020.08.18-08.37.15:164][  0]LogConfig: Setting CVar [[r.Shadow.CSM.TransitionScale:0]]
[2020.08.18-08.37.15:164][  0]LogConfig: Setting CVar [[r.Shadow.PreShadowResolutionFactor:0.5]]
[2020.08.18-08.37.15:164][  0]LogConfig: Setting CVar [[r.DistanceFieldShadowing:0]]
[2020.08.18-08.37.15:164][  0]LogConfig: Setting CVar [[r.DistanceFieldAO:0]]
[2020.08.18-08.37.15:164][  0]LogConfig: Setting CVar [[r.VolumetricFog:0]]
[2020.08.18-08.37.15:164][  0]LogConfig: Setting CVar [[r.LightMaxDrawDistanceScale:0]]
[2020.08.18-08.37.15:164][  0]LogConfig: Setting CVar [[r.CapsuleShadows:0]]
[2020.08.18-08.37.15:164][  0]LogConfig: Applying CVar settings from Section [PostProcessQuality@0] File [C:/Users/administrator/Desktop/Project_UE4/roll_and_chat/Saved/Config/Windows/Scalability.ini]
[2020.08.18-08.37.15:164][  0]LogConfig: Setting CVar [[r.MotionBlurQuality:0]]
[2020.08.18-08.37.15:164][  0]LogConfig: Setting CVar [[r.AmbientOcclusionMipLevelFactor:1.0]]
[2020.08.18-08.37.15:165][  0]LogConfig: Setting CVar [[r.AmbientOcclusionMaxQuality:0]]
[2020.08.18-08.37.15:165][  0]LogConfig: Setting CVar [[r.AmbientOcclusionLevels:0]]
[2020.08.18-08.37.15:165][  0]LogConfig: Setting CVar [[r.AmbientOcclusionRadiusScale:1.2]]
[2020.08.18-08.37.15:165][  0]LogConfig: Setting CVar [[r.DepthOfFieldQuality:0]]
[2020.08.18-08.37.15:165][  0]LogConfig: Setting CVar [[r.RenderTargetPoolMin:300]]
[2020.08.18-08.37.15:165][  0]LogConfig: Setting CVar [[r.LensFlareQuality:0]]
[2020.08.18-08.37.15:165][  0]LogConfig: Setting CVar [[r.SceneColorFringeQuality:0]]
[2020.08.18-08.37.15:165][  0]LogConfig: Setting CVar [[r.EyeAdaptationQuality:0]]
[2020.08.18-08.37.15:165][  0]LogConfig: Setting CVar [[r.BloomQuality:4]]
[2020.08.18-08.37.15:165][  0]LogConfig: Setting CVar [[r.FastBlurThreshold:0]]
[2020.08.18-08.37.15:165][  0]LogConfig: Setting CVar [[r.Upscale.Quality:1]]
[2020.08.18-08.37.15:165][  0]LogConfig: Setting CVar [[r.Tonemapper.GrainQuantization:0]]
[2020.08.18-08.37.15:165][  0]LogConfig: Setting CVar [[r.LightShaftQuality:0]]
[2020.08.18-08.37.15:165][  0]LogConfig: Setting CVar [[r.Filter.SizeScale:0.6]]
[2020.08.18-08.37.15:165][  0]LogConfig: Setting CVar [[r.Tonemapper.Quality:0]]
[2020.08.18-08.37.15:165][  0]LogConfig: Applying CVar settings from Section [TextureQuality@3] File [C:/Users/administrator/Desktop/Project_UE4/roll_and_chat/Saved/Config/Windows/Scalability.ini]
[2020.08.18-08.37.15:165][  0]LogConfig: Setting CVar [[r.Streaming.MipBias:0]]
[2020.08.18-08.37.15:165][  0]LogConfig: Setting CVar [[r.Streaming.AmortizeCPUToGPUCopy:0]]
[2020.08.18-08.37.15:165][  0]LogConfig: Setting CVar [[r.Streaming.MaxNumTexturesToStreamPerFrame:0]]
[2020.08.18-08.37.15:165][  0]LogConfig: Setting CVar [[r.Streaming.Boost:1]]
[2020.08.18-08.37.15:166][  0]LogConfig: Setting CVar [[r.MaxAnisotropy:8]]
[2020.08.18-08.37.15:166][  0]LogConfig: Setting CVar [[r.VT.MaxAnisotropy:8]]
[2020.08.18-08.37.15:166][  0]LogConfig: Setting CVar [[r.Streaming.LimitPoolSizeToVRAM:0]]
[2020.08.18-08.37.15:166][  0]LogConfig: Setting CVar [[r.Streaming.PoolSize:1000]]
[2020.08.18-08.37.15:166][  0]LogConfig: Setting CVar [[r.Streaming.MaxEffectiveScreenSize:0]]
[2020.08.18-08.37.15:166][  0]LogConfig: Applying CVar settings from Section [EffectsQuality@0] File [C:/Users/administrator/Desktop/Project_UE4/roll_and_chat/Saved/Config/Windows/Scalability.ini]
[2020.08.18-08.37.15:166][  0]LogConfig: Setting CVar [[r.TranslucencyLightingVolumeDim:24]]
[2020.08.18-08.37.15:166][  0]LogConfig: Setting CVar [[r.RefractionQuality:0]]
[2020.08.18-08.37.15:166][  0]LogConfig: Setting CVar [[r.SSR.Quality:0]]
[2020.08.18-08.37.15:166][  0]LogConfig: Setting CVar [[r.SSR.HalfResSceneColor:1]]
[2020.08.18-08.37.15:166][  0]LogConfig: Setting CVar [[r.SceneColorFormat:3]]
[2020.08.18-08.37.15:166][  0]LogConfig: Setting CVar [[r.DetailMode:0]]
[2020.08.18-08.37.15:166][  0]LogConfig: Setting CVar [[r.TranslucencyVolumeBlur:0]]
[2020.08.18-08.37.15:166][  0]LogConfig: Setting CVar [[r.MaterialQualityLevel:0 ; Low quality]]
[2020.08.18-08.37.15:166][  0]LogConfig: Setting CVar [[r.SSS.Scale:0]]
[2020.08.18-08.37.15:166][  0]LogConfig: Setting CVar [[r.SSS.SampleSet:0]]
[2020.08.18-08.37.15:166][  0]LogConfig: Setting CVar [[r.SSS.Quality:0]]
[2020.08.18-08.37.15:166][  0]LogConfig: Setting CVar [[r.SSS.HalfRes:1]]
[2020.08.18-08.37.15:166][  0]LogConfig: Setting CVar [[r.SSGI.Quality:0]]
[2020.08.18-08.37.15:166][  0]LogConfig: Setting CVar [[r.EmitterSpawnRateScale:0.125]]
[2020.08.18-08.37.15:167][  0]LogConfig: Setting CVar [[r.ParticleLightQuality:0]]
[2020.08.18-08.37.15:167][  0]LogConfig: Setting CVar [[r.SkyAtmosphere.AerialPerspectiveLUT.FastApplyOnOpaque:1 ; Always have FastSkyLUT 1 in this case to avoid wrong sky]]
[2020.08.18-08.37.15:167][  0]LogConfig: Setting CVar [[r.SkyAtmosphere.AerialPerspectiveLUT.SampleCountPerSlice:1]]
[2020.08.18-08.37.15:167][  0]LogConfig: Setting CVar [[r.SkyAtmosphere.AerialPerspectiveLUT.DepthResolution:8.0]]
[2020.08.18-08.37.15:167][  0]LogConfig: Setting CVar [[r.SkyAtmosphere.FastSkyLUT:1]]
[2020.08.18-08.37.15:167][  0]LogConfig: Setting CVar [[r.SkyAtmosphere.FastSkyLUT.SampleCountMin:2.0]]
[2020.08.18-08.37.15:167][  0]LogConfig: Setting CVar [[r.SkyAtmosphere.FastSkyLUT.SampleCountMax:16.0]]
[2020.08.18-08.37.15:167][  0]LogConfig: Setting CVar [[r.SkyAtmosphere.SampleCountMin:2.0]]
[2020.08.18-08.37.15:167][  0]LogConfig: Setting CVar [[r.SkyAtmosphere.SampleCountMax:16.0]]
[2020.08.18-08.37.15:167][  0]LogConfig: Setting CVar [[r.SkyAtmosphere.TransmittanceLUT.UseSmallFormat:1]]
[2020.08.18-08.37.15:167][  0]LogConfig: Setting CVar [[r.SkyAtmosphere.TransmittanceLUT.SampleCount:10.0]]
[2020.08.18-08.37.15:167][  0]LogConfig: Setting CVar [[r.SkyAtmosphere.MultiScatteringLUT.SampleCount:15.0]]
[2020.08.18-08.37.15:167][  0]LogConfig: Applying CVar settings from Section [FoliageQuality@0] File [C:/Users/administrator/Desktop/Project_UE4/roll_and_chat/Saved/Config/Windows/Scalability.ini]
[2020.08.18-08.37.15:167][  0]LogConfig: Setting CVar [[foliage.DensityScale:0]]
[2020.08.18-08.37.15:167][  0]LogConfig: Setting CVar [[grass.DensityScale:0]]
[2020.08.18-08.37.15:167][  0]LogConfig: Applying CVar settings from Section [ShadingQuality@0] File [C:/Users/administrator/Desktop/Project_UE4/roll_and_chat/Saved/Config/Windows/Scalability.ini]
[2020.08.18-08.37.15:168][  0]LogConfig: Setting CVar [[r.HairStrands.SkyLighting.SampleCount:8]]
[2020.08.18-08.37.15:168][  0]LogConfig: Setting CVar [[r.HairStrands.SkyLighting.JitterIntegration:0]]
[2020.08.18-08.37.15:168][  0]LogConfig: Setting CVar [[r.HairStrands.SkyAO.SampleCount:8]]
[2020.08.18-08.37.15:168][  0]LogConfig: Setting CVar [[r.HairStrands.DeepShadow.SuperSampling:0]]
[2020.08.18-08.37.15:168][  0]LogConfig: Setting CVar [[r.HairStrands.VisibilityPPLL:0]]
[2020.08.18-08.37.15:168][  0]LogConfig: Setting CVar [[r.HairStrands.RasterizationScale:0.5]]
[2020.08.18-08.37.15:168][  0]LogConfig: Setting CVar [[r.HairStrands.VelocityRasterizationScale:1]]
[2020.08.18-08.37.15:168][  0]LogConfig: Applying CVar settings from Section [Startup] File [../../../Engine/Config/ConsoleVariables.ini]
[2020.08.18-08.37.15:207][  0]LogConfig: Setting CVar [[net.UseAdaptiveNetUpdateFrequency:0]]
[2020.08.18-08.37.15:207][  0]LogConfig: Setting CVar [[p.chaos.AllowCreatePhysxBodies:1]]
[2020.08.18-08.37.15:207][  0]LogConfig: Setting CVar [[fx.SkipVectorVMBackendOptimizations:1]]
[2020.08.18-08.37.15:207][  0]LogConfig: Applying CVar settings from Section [ConsoleVariables] File [C:/Users/administrator/Desktop/Project_UE4/roll_and_chat/Saved/Config/Windows/Engine.ini]
[2020.08.18-08.37.15:253][  0]LogInit: Computer: DESKTOP-SKJGKBG
[2020.08.18-08.37.15:253][  0]LogInit: User: administrator
[2020.08.18-08.37.15:262][  0]LogInit: CPU Page size=4096, Cores=4
[2020.08.18-08.37.15:263][  0]LogInit: High frequency timer resolution =10.000000 MHz
[2020.08.18-08.37.15:263][  0]LogMemory: Memory total: Physical=7.9GB (8GB approx)
[2020.08.18-08.37.15:263][  0]LogMemory: Platform Memory Stats for Windows
[2020.08.18-08.37.15:263][  0]LogMemory: Process Physical Memory: 115.32 MB used, 115.33 MB peak
[2020.08.18-08.37.15:264][  0]LogMemory: Process Virtual Memory: 104.99 MB used, 104.99 MB peak
[2020.08.18-08.37.15:264][  0]LogMemory: Physical Memory: 5427.75 MB used,  2643.22 MB free, 8070.98 MB total
[2020.08.18-08.37.15:264][  0]LogMemory: Virtual Memory: 5157.49 MB used,  134212568.00 MB free, 134217728.00 MB total
[2020.08.18-08.37.15:286][  0]LogWindows: WindowsPlatformFeatures enabled
[2020.08.18-08.37.16:523][  0]LogInit: Physics initialised using underlying interface: PhysX
[2020.08.18-08.37.16:542][  0]LogInit: Using OS detected language (ru-RU).
[2020.08.18-08.37.16:554][  0]LogInit: Using OS detected locale (ru-RU).
[2020.08.18-08.37.16:618][  0]LogTextLocalizationManager: No specific localization for 'ru-RU' exists, so the 'ru' localization will be used.
[2020.08.18-08.37.16:655][  0]LogTextLocalizationResource: LocRes '../../../Engine/Content/Localization/Editor/ru/Editor.locres' could not be opened for reading!
[2020.08.18-08.37.16:656][  0]LogTextLocalizationResource: LocRes '../../../Engine/Content/Localization/EditorTutorials/ru/EditorTutorials.locres' could not be opened for reading!
[2020.08.18-08.37.16:656][  0]LogTextLocalizationResource: LocRes '../../../Engine/Content/Localization/Keywords/ru/Keywords.locres' could not be opened for reading!
[2020.08.18-08.37.16:657][  0]LogTextLocalizationResource: LocRes '../../../Engine/Content/Localization/Category/ru/Category.locres' could not be opened for reading!
[2020.08.18-08.37.16:769][  0]LogTextLocalizationResource: LocRes '../../../Engine/Content/Localization/ToolTips/ru/ToolTips.locres' could not be opened for reading!
[2020.08.18-08.37.16:773][  0]LogTextLocalizationResource: LocRes '../../../Engine/Content/Localization/PropertyNames/ru/PropertyNames.locres' could not be opened for reading!
[2020.08.18-08.37.16:774][  0]LogTextLocalizationResource: LocRes '../../../Engine/Content/Localization/Engine/ru/Engine.locres' could not be opened for reading!
[2020.08.18-08.37.16:933][  0]LogInit: Setting process to per monitor DPI aware
[2020.08.18-08.37.17:722][  0]LogSlate: New Slate User Created.  User Index 0, Is Virtual User: 0
[2020.08.18-08.37.17:722][  0]LogSlate: Slate User Registered.  User Index 0, Is Virtual User: 0
[2020.08.18-08.37.31:195][  0]LogHMD: Failed to initialize OpenVR with code 110
[2020.08.18-08.37.31:199][  0]LogD3D11RHI: D3D11 min allowed feature level: 11_0
[2020.08.18-08.37.31:199][  0]LogD3D11RHI: D3D11 max allowed feature level: 11_0
[2020.08.18-08.37.31:199][  0]LogD3D11RHI: D3D11 adapters:
[2020.08.18-08.37.31:565][  0]LogD3D11RHI:    0. 'NVIDIA GeForce GTX 760' (Feature Level 11_0)
[2020.08.18-08.37.31:565][  0]LogD3D11RHI:       2007/0/4035 MB DedicatedVideo/DedicatedSystem/SharedSystem, Outputs:1, VendorId:0x10de
[2020.08.18-08.37.31:809][  0]LogD3D11RHI:    1. 'Intel(R) HD Graphics 4600' (Feature Level 11_0)
[2020.08.18-08.37.31:809][  0]LogD3D11RHI:       112/0/2048 MB DedicatedVideo/DedicatedSystem/SharedSystem, Outputs:0, VendorId:0x8086
[2020.08.18-08.37.31:818][  0]LogD3D11RHI:    2. 'Microsoft Basic Render Driver' (Feature Level 11_0)
[2020.08.18-08.37.31:818][  0]LogD3D11RHI:       0/0/4035 MB DedicatedVideo/DedicatedSystem/SharedSystem, Outputs:0, VendorId:0x1414
[2020.08.18-08.37.31:818][  0]LogD3D11RHI: Chosen D3D11 Adapter: 0
[2020.08.18-08.37.31:844][  0]LogD3D11RHI: Creating new Direct3DDevice
[2020.08.18-08.37.31:844][  0]LogD3D11RHI:     GPU DeviceId: 0x1187 (for the marketing name, search the web for "GPU Device Id")
[2020.08.18-08.37.31:844][  0]LogWindows: EnumDisplayDevices:
[2020.08.18-08.37.31:844][  0]LogWindows:    0. 'NVIDIA GeForce GTX 760' (P:1 D:1)
[2020.08.18-08.37.31:845][  0]LogWindows:    1. 'NVIDIA GeForce GTX 760' (P:0 D:0)
[2020.08.18-08.37.31:845][  0]LogWindows:    2. 'NVIDIA GeForce GTX 760' (P:0 D:0)
[2020.08.18-08.37.31:845][  0]LogWindows:    3. 'NVIDIA GeForce GTX 760' (P:0 D:0)
[2020.08.18-08.37.31:846][  0]LogWindows:    4. 'Intel(R) HD Graphics 4600' (P:0 D:0)
[2020.08.18-08.37.31:846][  0]LogWindows:    5. 'Intel(R) HD Graphics 4600' (P:0 D:0)
[2020.08.18-08.37.31:847][  0]LogWindows:    6. 'Intel(R) HD Graphics 4600' (P:0 D:0)
[2020.08.18-08.37.31:847][  0]LogWindows: DebugString: PrimaryIsNotTheChoosenAdapter PrimaryIsNotTheChoosenAdapter PrimaryIsNotTheChoosenAdapter FoundDriverCount:4 
[2020.08.18-08.37.31:850][  0]LogD3D11RHI:     Adapter Name: NVIDIA GeForce GTX 760
[2020.08.18-08.37.31:850][  0]LogD3D11RHI:   Driver Version: 432.00 (internal:26.21.14.3200, unified:432.00)
[2020.08.18-08.37.31:850][  0]LogD3D11RHI:      Driver Date: 7-24-2019
[2020.08.18-08.37.31:850][  0]LogRHI: Texture pool is 1404 MB (70% of 2007 MB)
[2020.08.18-08.37.31:960][  0]LogD3D11RHI: RHI does not have support for 64 bit atomics
[2020.08.18-08.37.32:015][  0]LogD3D11RHI: [Aftermath] Enabled and primed
[2020.08.18-08.37.32:015][  0]LogD3D11RHI: Async texture creation enabled
[2020.08.18-08.37.32:335][  0]LogD3D11RHI: GPU Timing Frequency: 1000.000000 (Debug: 2 1)
[2020.08.18-08.37.33:833][  0]LogTargetPlatformManager: Display: Loaded TargetPlatform 'AllDesktop'
[2020.08.18-08.37.33:963][  0]LogTargetPlatformManager: Display: Loaded TargetPlatform 'Android'
[2020.08.18-08.37.33:963][  0]LogTargetPlatformManager: Display: Loaded TargetPlatform 'Android_ASTC'
[2020.08.18-08.37.33:963][  0]LogTargetPlatformManager: Display: Loaded TargetPlatform 'Android_DXT'
[2020.08.18-08.37.33:963][  0]LogTargetPlatformManager: Display: Loaded TargetPlatform 'Android_ETC2'
[2020.08.18-08.37.33:963][  0]LogTargetPlatformManager: Display: Loaded TargetPlatform 'AndroidClient'
[2020.08.18-08.37.33:964][  0]LogTargetPlatformManager: Display: Loaded TargetPlatform 'Android_ASTCClient'
[2020.08.18-08.37.33:964][  0]LogTargetPlatformManager: Display: Loaded TargetPlatform 'Android_DXTClient'
[2020.08.18-08.37.33:964][  0]LogTargetPlatformManager: Display: Loaded TargetPlatform 'Android_ETC2Client'
[2020.08.18-08.37.33:964][  0]LogTargetPlatformManager: Display: Loaded TargetPlatform 'Android_Multi'
[2020.08.18-08.37.33:964][  0]LogTargetPlatformManager: Display: Loaded TargetPlatform 'Android_MultiClient'
[2020.08.18-08.37.34:070][  0]LogTargetPlatformManager: Display: Loaded TargetPlatform 'IOSClient'
[2020.08.18-08.37.34:070][  0]LogTargetPlatformManager: Display: Loaded TargetPlatform 'IOS'
[2020.08.18-08.37.34:147][  0]LogTargetPlatformManager: Display: Loaded TargetPlatform 'Linux'
[2020.08.18-08.37.34:226][  0]LogTargetPlatformManager: Display: Loaded TargetPlatform 'LinuxNoEditor'
[2020.08.18-08.37.34:247][  0]LogTargetPlatformManager: Display: Loaded TargetPlatform 'LinuxClient'
[2020.08.18-08.37.34:271][  0]LogTargetPlatformManager: Display: Loaded TargetPlatform 'LinuxServer'
[2020.08.18-08.37.34:292][  0]LogTargetPlatformManager: Display: Loaded TargetPlatform 'LinuxAArch64NoEditor'
[2020.08.18-08.37.34:315][  0]LogTargetPlatformManager: Display: Loaded TargetPlatform 'LinuxAArch64Client'
[2020.08.18-08.37.34:334][  0]LogTargetPlatformManager: Display: Loaded TargetPlatform 'LinuxAArch64Server'
[2020.08.18-08.37.34:385][  0]LogTargetPlatformManager: Display: Loaded TargetPlatform 'Lumin'
[2020.08.18-08.37.34:385][  0]LogTargetPlatformManager: Display: Loaded TargetPlatform 'LuminClient'
[2020.08.18-08.37.34:484][  0]LogTargetPlatformManager: Display: Loaded TargetPlatform 'TVOSClient'
[2020.08.18-08.37.34:484][  0]LogTargetPlatformManager: Display: Loaded TargetPlatform 'TVOS'
[2020.08.18-08.37.34:511][  0]LogTargetPlatformManager: Display: Loaded TargetPlatform 'WindowsNoEditor'
[2020.08.18-08.37.34:537][  0]LogTargetPlatformManager: Display: Loaded TargetPlatform 'Windows'
[2020.08.18-08.37.34:567][  0]LogTargetPlatformManager: Display: Loaded TargetPlatform 'WindowsClient'
[2020.08.18-08.37.34:612][  0]LogTargetPlatformManager: Display: Loaded TargetPlatform 'WindowsServer'
[2020.08.18-08.37.34:612][  0]LogTargetPlatformManager: Display: Building Assets For Windows
[2020.08.18-08.37.34:982][  0]LogAudioDebug: Display: Lib vorbis DLL was dynamically loaded.
[2020.08.18-08.37.35:790][  0]LogShaderCompilers: Guid format shader working directory is -18 characters bigger than the processId version (../../../../../../Users/administrator/Desktop/Project_UE4/roll_and_chat/Intermediate/Shaders/WorkingDirectory/11132/).
[2020.08.18-08.37.35:790][  0]LogShaderCompilers: Cleaned the shader compiler working directory 'C:/Users/administrator/AppData/Local/Temp/UnrealShaderWorkingDir/61BDB23049B0F888EE5FF88901A9C7B0/'.
[2020.08.18-08.37.35:809][  0]LogXGEController: Cleaning working directory: C:/Users/administrator/AppData/Local/Temp/UnrealXGEWorkingDir/
[2020.08.18-08.37.35:810][  0]LogXGEController: Cannot use XGE Controller as Incredibuild is not installed on this machine.
[2020.08.18-08.37.35:810][  0]LogShaderCompilers: Cannot use XGE Shader Compiler as Incredibuild is not installed on this machine.
[2020.08.18-08.37.35:810][  0]LogShaderCompilers: Display: Using Local Shader Compiler.
[2020.08.18-08.37.49:053][  0]LogDerivedDataCache: Display: Max Cache Size: 512 MB
[2020.08.18-08.37.49:935][  0]LogDerivedDataCache: Loaded boot cache 0.88s 76MB C:/Users/administrator/AppData/Local/UnrealEngine/4.25/DerivedDataCache/Boot.ddc.
[2020.08.18-08.37.49:935][  0]LogDerivedDataCache: Display: Loaded Boot cache: C:/Users/administrator/AppData/Local/UnrealEngine/4.25/DerivedDataCache/Boot.ddc
[2020.08.18-08.37.49:935][  0]LogDerivedDataCache: FDerivedDataBackendGraph:  Pak pak cache file ../../../../../../Users/administrator/Desktop/Project_UE4/roll_and_chat/DerivedDataCache/DDC.ddp not found, will not use a pak cache.
[2020.08.18-08.37.49:935][  0]LogDerivedDataCache: Unable to find inner node Pak for hierarchical cache Hierarchy.
[2020.08.18-08.37.49:935][  0]LogDerivedDataCache: FDerivedDataBackendGraph:  CompressedPak pak cache file ../../../../../../Users/administrator/Desktop/Project_UE4/roll_and_chat/DerivedDataCache/Compressed.ddp not found, will not use a pak cache.
[2020.08.18-08.37.49:935][  0]LogDerivedDataCache: Unable to find inner node CompressedPak for hierarchical cache Hierarchy.
[2020.08.18-08.37.50:110][  0]LogDerivedDataCache: Display: Pak cache opened for reading ../../../Engine/DerivedDataCache/Compressed.ddp.
[2020.08.18-08.37.50:110][  0]LogDerivedDataCache: FDerivedDataBackendGraph:  EnterprisePak pak cache file ../../../Enterprise/DerivedDataCache/Compressed.ddp not found, will not use a pak cache.
[2020.08.18-08.37.50:110][  0]LogDerivedDataCache: Unable to find inner node EnterprisePak for hierarchical cache Hierarchy.
[2020.08.18-08.37.50:112][  0]LogDerivedDataCache: Using Local data cache path C:/Users/administrator/AppData/Local/UnrealEngine/Common/DerivedDataCache: Writable
[2020.08.18-08.37.50:113][  0]LogDerivedDataCache: Shared data cache path not found in *engine.ini, will not use an Shared cache.
[2020.08.18-08.37.50:113][  0]LogDerivedDataCache: Unable to find inner node Shared for hierarchical cache Hierarchy.
[2020.08.18-08.37.50:237][  0]LogSlate: Using FreeType 2.10.0
[2020.08.18-08.37.50:338][  0]LogSlate: SlateFontServices - WITH_FREETYPE: 1, WITH_HARFBUZZ: 1
[2020.08.18-08.37.51:468][  0]LogAssetRegistry: FAssetRegistry took 0.0152 seconds to start up
[2020.08.18-08.37.56:478][  0]LogInit: Selected Device Profile: [Windows]
[2020.08.18-08.37.57:960][  0]LogMeshReduction: Using QuadricMeshReduction for automatic static mesh reduction
[2020.08.18-08.37.57:960][  0]LogMeshReduction: Using SimplygonMeshReduction for automatic skeletal mesh reduction
[2020.08.18-08.37.57:960][  0]LogMeshReduction: Using ProxyLODMeshReduction for automatic mesh merging
[2020.08.18-08.37.57:960][  0]LogMeshReduction: No distributed automatic mesh merging module available
[2020.08.18-08.37.57:973][  0]LogMeshMerging: No distributed automatic mesh merging module available
[2020.08.18-08.37.58:504][  0]LogNetVersion: roll_and_chat 1.0.0, NetCL: 13144385, EngineNetVer: 14, GameNetVer: 0 (Checksum: 668311366)
[2020.08.18-08.38.17:014][  0]LogAISub: UAISubsystem::UAISubsystem AISubsystem (0000026E11CF6340), frame # 0
[2020.08.18-08.38.17:015][  0]LogAISub: UAISubsystem::UAISubsystem AIPerceptionSystem (0000026E11C9D1C0), frame # 0
[2020.08.18-08.38.17:022][  0]LogAISub: UAISubsystem::UAISubsystem EnvQueryManager (0000026E11E02A00), frame # 0
[2020.08.18-08.38.17:775][  0]LogPackageLocalizationCache: Processed 19 localized package path(s) for 1 prioritized culture(s) in 0.359146 seconds
[2020.08.18-08.38.17:814][  0]LogUObjectArray: 15917 objects as part of root set at end of initial load.
[2020.08.18-08.38.17:814][  0]LogUObjectAllocator: 3965568 out of 0 bytes used by permanent object pool.
[2020.08.18-08.38.17:814][  0]LogUObjectArray: CloseDisregardForGC: 0/0 objects in disregard for GC pool
[2020.08.18-08.38.24:602][  0]LogPython: Using Python 2.7.14
[2020.08.18-08.38.29:374][  0]LogTcpMessaging: Initializing TcpMessaging bridge
[2020.08.18-08.38.29:389][  0]LogUdpMessaging: Initializing bridge on interface 0.0.0.0:0 to multicast group 230.0.0.1:6666.
[2020.08.18-08.38.30:587][  0]SourceControl: Source control is disabled
[2020.08.18-08.38.30:588][  0]SourceControl: Source control is disabled
[2020.08.18-08.38.30:678][  0]SourceControl: Source control is disabled
[2020.08.18-08.38.30:703][  0]SourceControl: Source control is disabled
[2020.08.18-08.38.30:753][  0]SourceControl: Source control is disabled
[2020.08.18-08.38.34:552][  0]LogAndroidPermission: UAndroidPermissionCallbackProxy::GetInstance
[2020.08.18-08.38.34:677][  0]LogAudioCaptureCore: Display: No Audio Capture implementations found. Audio input will be silent.
[2020.08.18-08.38.34:677][  0]LogAudioCaptureCore: Display: No Audio Capture implementations found. Audio input will be silent.
[2020.08.18-08.38.35:274][  0]LogOcInput: OculusInput pre-init called
[2020.08.18-08.38.35:342][  0]LogWindows: Failed to load 'OVRPlugin.dll' (GetLastError=126)
[2020.08.18-08.38.35:342][  0]LogWindows: File 'OVRPlugin.dll' does not exist
[2020.08.18-08.38.36:958][  0]LogEngine: Initializing Engine...
[2020.08.18-08.38.37:003][  0]LogHMD: Failed to initialize OpenVR with code 110
[2020.08.18-08.38.37:006][  0]LogMagicLeap: Warning: VR disabled because ZI is not enabled.  To enable, in the editor, Edit -> Project Settings -> Plugins -> Magic Leap Plugin -> Enable Zero Iteration
[2020.08.18-08.38.37:040][  0]LogStats: UGameplayTagsManager::InitializeManager -  0.009 s
[2020.08.18-08.38.39:622][  0]LogInit: Initializing FReadOnlyCVARCache
[2020.08.18-08.38.39:804][  0]LogAIModule: Creating AISystem for world Untitled
[2020.08.18-08.38.39:804][  0]LogAISub: UAISubsystem::UAISubsystem EnvQueryManager (0000026E1C7E3C00), frame # 0
[2020.08.18-08.38.39:804][  0]LogAISub: UAISubsystem::UAISubsystem AIPerceptionSystem (0000026E1C835F80), frame # 0
[2020.08.18-08.38.39:919][  0]LogAudioMixer: Display: Audio Mixer Platform Settings:
[2020.08.18-08.38.39:919][  0]LogAudioMixer: Display: 	Sample Rate:						  48000
[2020.08.18-08.38.39:919][  0]LogAudioMixer: Display: 	Callback Buffer Frame Size Requested: 1024
[2020.08.18-08.38.39:919][  0]LogAudioMixer: Display: 	Callback Buffer Frame Size To Use:	  1024
[2020.08.18-08.38.39:919][  0]LogAudioMixer: Display: 	Number of buffers to queue:			  2
[2020.08.18-08.38.39:919][  0]LogAudioMixer: Display: 	Max Channels (voices):				  32
[2020.08.18-08.38.39:919][  0]LogAudioMixer: Display: 	Number of Async Source Workers:		  0
[2020.08.18-08.38.39:933][  0]LogAudio: Display: AudioDevice MaxSources: 32
[2020.08.18-08.38.39:946][  0]LogAudio: Display: Using built-in audio occlusion.
[2020.08.18-08.38.39:947][  0]LogAudioMixer: Display: Initializing audio mixer.
[2020.08.18-08.38.40:187][  0]LogAudioMixer: Display: 0: FrontLeft
[2020.08.18-08.38.40:187][  0]LogAudioMixer: Display: 1: FrontRight
[2020.08.18-08.38.40:321][  0]LogAudioMixer: Display: Using Audio Device Динамики (Sound Blaster Tactic(3D) Alpha)
[2020.08.18-08.38.40:342][  0]LogAudioMixer: Display: Initializing Sound Submixes...
[2020.08.18-08.38.40:517][  0]LogAudioMixer: Display: Creating Master Submix 'MasterSubmixDefault'
[2020.08.18-08.38.40:517][  0]LogAudioMixer: Display: Creating Master Submix 'MasterReverbSubmixDefault'
[2020.08.18-08.38.40:519][  0]LogAudioMixer: Display: Creating Master Submix 'MasterEQSubmixDefault'
[2020.08.18-08.38.40:521][  0]LogInit: FAudioDevice initialized.
[2020.08.18-08.38.40:546][  0]LogNetVersion: Set ProjectVersion to 1.0.0.0. Version Checksum will be recalculated on next use.
[2020.08.18-08.38.40:685][  0]LogDerivedDataCache: Saved boot cache 0.14s 76MB C:/Users/administrator/AppData/Local/UnrealEngine/4.25/DerivedDataCache/Boot.ddc.
[2020.08.18-08.38.40:692][  0]LogInit: Texture streaming: Enabled
[2020.08.18-08.38.40:934][  0]LogEngineSessionManager: EngineSessionManager initialized
[2020.08.18-08.38.40:934][  0]LogEditorSessionSummary: Verbose: Initializing EditorSessionSummaryWriter for editor session tracking
[2020.08.18-08.38.40:940][  0]LogEditorSessionSummary: EditorSessionSummaryWriter initialized
[2020.08.18-08.38.41:991][  0]LogInit: Transaction tracking system initialized
[2020.08.18-08.38.43:397][  0]BlueprintLog: New page: Editor Load
[2020.08.18-08.38.44:925][  0]LocalizationService: Localization service is disabled
[2020.08.18-08.38.53:667][  0]LogFileCache: Scanning file cache for directory 'C:/Users/administrator/Desktop/Project_UE4/roll_and_chat/Content/' took 0.08s
[2020.08.18-08.38.53:667][  0]LogCook: Display: Max memory allowance for cook 16384mb min free memory 0mb
[2020.08.18-08.38.53:682][  0]LogCook: Display: Mobile HDR setting 1
[2020.08.18-08.39.00:476][  0]SourceControl: Source control is disabled
[2020.08.18-08.39.00:477][  0]LogUnrealEdMisc: Loading editor; pre map load, took 147.246
[2020.08.18-08.39.00:560][  0]Cmd: MAP LOAD FILE="../../../../../../Users/administrator/Desktop/Project_UE4/roll_and_chat/Content/ThirdPersonBP/Maps/ThirdPersonExampleMap.umap" TEMPLATE=0 SHOWPROGRESS=1 FEATURELEVEL=3
[2020.08.18-08.39.00:701][  0]LightingResults: New page: Lighting Build
[2020.08.18-08.39.00:988][  0]LogWorld: UWorld::CleanupWorld for Untitled, bSessionEnded=true, bCleanupResources=true
[2020.08.18-08.39.00:988][  0]LogSlate: InvalidateAllWidgets triggered.  All widgets were invalidated
[2020.08.18-08.39.00:988][  0]MapCheck: New page: Map Check
[2020.08.18-08.39.00:988][  0]LightingResults: New page: Lighting Build
[2020.08.18-08.39.01:021][  0]LogAISub: UAISubsystem::~UAISubsystem EnvQueryManager (0000026E1C7E3C00), frame # 0
[2020.08.18-08.39.01:021][  0]LogAISub: UAISubsystem::~UAISubsystem AIPerceptionSystem (0000026E1C835F80), frame # 0
[2020.08.18-08.39.01:023][  0]LogUObjectHash: Compacting FUObjectHashTables data took   1.70ms
[2020.08.18-08.39.11:361][  0]LogAIModule: Creating AISystem for world ThirdPersonExampleMap
[2020.08.18-08.39.11:361][  0]LogAISub: UAISubsystem::UAISubsystem EnvQueryManager (0000026E0831CE00), frame # 0
[2020.08.18-08.39.11:361][  0]LogAISub: UAISubsystem::UAISubsystem AIPerceptionSystem (0000026E03C1E200), frame # 0
[2020.08.18-08.39.12:618][  0]LogEditorServer: Finished looking for orphan Actors (0.000 secs)
[2020.08.18-08.39.12:852][  0]LogUObjectHash: Compacting FUObjectHashTables data took   1.64ms
[2020.08.18-08.39.12:896][  0]Cmd: MAP CHECKDEP NOCLEARLOG
[2020.08.18-08.39.12:897][  0]MapCheck: Map check complete: 0 Error(s), 0 Warning(s), took 0,417ms to complete.
[2020.08.18-08.39.12:897][  0]LogFileHelpers: Loading map 'ThirdPersonExampleMap' took 12.420
[2020.08.18-08.39.12:978][  0]LogUnrealEdMisc: Total Editor Startup Time, took 159.747
[2020.08.18-08.39.14:424][  0]LogSlate: Updating window title bar state: overlay mode, drag disabled, window buttons hidden, title bar hidden
[2020.08.18-08.39.14:474][  0]LogSlate: Updating window title bar state: overlay mode, drag disabled, window buttons hidden, title bar hidden
[2020.08.18-08.39.14:494][  0]LogSlate: Updating window title bar state: overlay mode, drag disabled, window buttons hidden, title bar hidden
[2020.08.18-08.39.14:508][  0]LogSlate: Updating window title bar state: overlay mode, drag disabled, window buttons hidden, title bar hidden
[2020.08.18-08.39.14:723][  0]LogCollectionManager: Loaded 0 collections in 0.008986 seconds
[2020.08.18-08.39.14:804][  0]LogFileCache: Scanning file cache for directory 'C:/Users/administrator/Desktop/Project_UE4/roll_and_chat/Saved/Collections/' took 0.00s
[2020.08.18-08.39.14:804][  0]LogFileCache: Scanning file cache for directory 'C:/Users/administrator/Desktop/Project_UE4/roll_and_chat/Content/Developers/administrator/Collections/' took 0.00s
[2020.08.18-08.39.14:804][  0]LogFileCache: Scanning file cache for directory 'C:/Users/administrator/Desktop/Project_UE4/roll_and_chat/Content/Collections/' took 0.00s
[2020.08.18-08.39.14:804][  0]LogContentBrowser: Native class hierarchy populated in 0.0307 seconds. Added 3402 classes and 813 folders.
[2020.08.18-08.39.14:979][  0]LogContentBrowser: Native class hierarchy updated for 'WidgetCarousel' in 0.0009 seconds. Added 0 classes and 0 folders.
[2020.08.18-08.39.19:997][  0]LogContentBrowser: Native class hierarchy updated for 'AddContentDialog' in 0.0009 seconds. Added 0 classes and 0 folders.
[2020.08.18-08.39.20:040][  0]LogContentBrowser: Native class hierarchy updated for 'SceneOutliner' in 0.0014 seconds. Added 2 classes and 0 folders.
[2020.08.18-08.39.20:761][  0]LogContentBrowser: Native class hierarchy updated for 'HierarchicalLODOutliner' in 0.0006 seconds. Added 0 classes and 0 folders.
[2020.08.18-08.39.20:761][  0]LogLoad: (Engine Initialization) Total time: 167.53 seconds
[2020.08.18-08.39.20:761][  0]LogLoad: (Engine Initialization) Total Blueprint compile time: 0.00 seconds
[2020.08.18-08.39.20:977][  0]LogAssetRegistry: Asset discovery search completed in 89.5118 seconds
[2020.08.18-08.39.20:981][  0]LogCollectionManager: Fixed up redirectors for 0 collections in 0.000003 seconds (updated 0 objects)
[2020.08.18-08.39.20:983][  0]LogContentStreaming: Texture pool size now 1000 MB
[2020.08.18-08.39.21:109][  0]LogSlate: Took 0.108528 seconds to synchronously load lazily loaded font '../../../Engine/Content/Slate/Fonts/Roboto-Regular.ttf' (155K)
[2020.08.18-08.39.21:194][  0]LogSlate: Took 0.080788 seconds to synchronously load lazily loaded font '../../../Engine/Content/Slate/Fonts/Roboto-Bold.ttf' (160K)
[2020.08.18-08.39.21:346][  0]LogSlate: Took 0.149736 seconds to synchronously load lazily loaded font '../../../Engine/Content/Editor/Slate/Fonts/FontAwesome.ttf' (139K)
[2020.08.18-08.39.21:840][  0]LogRenderer: Reallocating scene render targets to support 980x404 Format 9 NumSamples 1 (Frame:1).
[2020.08.18-08.39.21:841][  0]LogSlate: Took 0.060685 seconds to synchronously load lazily loaded font '../../../Engine/Content/Slate/Fonts/Roboto-Light.ttf' (167K)
[2020.08.18-08.39.28:451][449]LogRenderer: Reallocating scene render targets to support 1288x636 Format 9 NumSamples 1 (Frame:441).
[2020.08.18-08.39.32:479][849]LogSlate: Took 0.000509 seconds to synchronously load lazily loaded font '../../../Engine/Content/Slate/Fonts/Roboto-Light.ttf' (167K)
[2020.08.18-08.39.32:515][849]LogAssetEditorSubsystem: Opening Asset editor for Skeleton /Game/Mannequin/Character/Mesh/UE4_Mannequin_Skeleton.UE4_Mannequin_Skeleton
[2020.08.18-08.39.32:869][849]LogContentBrowser: Native class hierarchy updated for 'SkeletonEditor' in 0.0009 seconds. Added 1 classes and 2 folders.
[2020.08.18-08.39.34:795][849]LogActorComponent: RegisterComponentWithWorld: (/Engine/Transient.World_2:PersistentLevel.AnimationEditorPreviewActor_0.DebugSkelMeshComponent_0) Already registered. Aborting.
[2020.08.18-08.39.35:045][849]LogContentBrowser: Native class hierarchy updated for 'PinnedCommandList' in 0.0010 seconds. Added 1 classes and 0 folders.
[2020.08.18-08.39.37:459][849]LogSkeletalMesh: USkeletalMeshComponent::InitArticulated : Bodies already created (/Engine/Transient.World_2:PersistentLevel.AnimationEditorPreviewActor_0.DebugSkelMeshComponent_0) - call TermArticulated first.
[2020.08.18-08.39.48:527][362]LogRenderer: Reallocating scene render targets to support 1288x896 Format 9 NumSamples 1 (Frame:518).
[2020.08.18-08.39.55:105][901]LogAssetEditorSubsystem: Opening Asset editor for BlendSpace1D /Game/Mannequin/Animations/ThirdPerson_IdleRun_2D.ThirdPerson_IdleRun_2D
[2020.08.18-08.39.55:256][901]LogActorComponent: RegisterComponentWithWorld: (/Engine/Transient.World_5:PersistentLevel.AnimationEditorPreviewActor_0.DebugSkelMeshComponent_0) Already registered. Aborting.
[2020.08.18-08.39.55:581][901]LogSkeletalMesh: USkeletalMeshComponent::InitArticulated : Bodies already created (/Engine/Transient.World_5:PersistentLevel.AnimationEditorPreviewActor_0.DebugSkelMeshComponent_0) - call TermArticulated first.
[2020.08.18-08.39.56:374][901]LogContentBrowser: Verbose: The majority of assets in the view are of type: AnimSequence
[2020.08.18-08.41.20:044][170]LogSlate: Window 'FBX Export Options' being destroyed
[2020.08.18-08.41.20:942][170]LogFbx: Warning: FBX version number for this version of the FBX SDK is 7.5.0


[2020.08.18-08.41.26:258][446]LogWorld: UWorld::CleanupWorld for World_5, bSessionEnded=true, bCleanupResources=true
[2020.08.18-08.41.26:258][446]LogSlate: InvalidateAllWidgets triggered.  All widgets were invalidated
[2020.08.18-08.41.26:764][446]LogWorld: UWorld::CleanupWorld for World_6, bSessionEnded=true, bCleanupResources=true
[2020.08.18-08.41.26:764][446]LogSlate: InvalidateAllWidgets triggered.  All widgets were invalidated
[2020.08.18-08.44.58:163][118]LogAssetEditorSubsystem: Opening Asset editor for SkeletalMesh /Game/Mannequin/Character/Mesh/SK_Mannequin.SK_Mannequin
[2020.08.18-08.44.58:245][118]LogActorComponent: RegisterComponentWithWorld: (/Engine/Transient.World_8:PersistentLevel.AnimationEditorPreviewActor_0.DebugSkelMeshComponent_0) Already registered. Aborting.
[2020.08.18-08.44.58:495][118]LogSkeletalMesh: USkeletalMeshComponent::InitArticulated : Bodies already created (/Engine/Transient.World_8:PersistentLevel.AnimationEditorPreviewActor_0.DebugSkelMeshComponent_0) - call TermArticulated first.
[2020.08.18-08.45.24:774][293]LogSlate: Window 'Choose New StaticMesh Location' being destroyed
[2020.08.18-08.45.54:700][130]LogAssetEditorSubsystem: Opening Asset editor for AnimSequence /Game/Mannequin/Animations/ThirdPersonIdle.ThirdPersonIdle
[2020.08.18-08.45.54:705][130]LogActorComponent: RegisterComponentWithWorld: (/Engine/Transient.World_9:PersistentLevel.AnimationEditorPreviewActor_0.DebugSkelMeshComponent_0) Already registered. Aborting.
[2020.08.18-08.45.54:740][130]LogSkeletalMesh: USkeletalMeshComponent::InitArticulated : Bodies already created (/Engine/Transient.World_9:PersistentLevel.AnimationEditorPreviewActor_0.DebugSkelMeshComponent_0) - call TermArticulated first.
[2020.08.18-08.45.55:261][130]LogContentBrowser: Verbose: The majority of assets in the view are of type: AnimSequence
[2020.08.18-08.46.18:125][709]LogAnimationCompression: Building Anim DDC data for AnimSequence /Game/Mannequin/Animations/ThirdPersonRun_PreviewMesh.ThirdPersonRun_PreviewMesh
[2020.08.18-08.46.43:855][709]LogSlate: Window 'FBX Export Options' being destroyed
[2020.08.18-08.46.44:248][709]LogFbx: Warning: FBX version number for this version of the FBX SDK is 7.5.0


[2020.08.18-08.49.21:351][687]LogUObjectHash: Compacting FUObjectHashTables data took   1.72ms
[2020.08.18-08.49.21:357][687]LogFileHelpers: Editor autosave (incl. sublevels) for '/Game/ThirdPersonBP/Maps/ThirdPersonExampleMap' took 0.043
[2020.08.18-08.49.21:384][687]OBJ SavePackage: Generating thumbnails for [1] asset(s) in package [/Game/Mannequin/Animations/ThirdPersonRun_PreviewMesh] ([1] browsable assets)...
[2020.08.18-08.49.21:441][687]OBJ SavePackage:     Rendered thumbnail for [AnimSequence /Game/Mannequin/Animations/ThirdPersonRun_PreviewMesh.ThirdPersonRun_PreviewMesh]
[2020.08.18-08.49.21:441][687]OBJ SavePackage: Finished generating thumbnails for package [/Game/Mannequin/Animations/ThirdPersonRun_PreviewMesh]
[2020.08.18-08.49.21:533][687]LogSavePackage: Moving '../../../../../../Users/administrator/Desktop/Project_UE4/roll_and_chat/Saved/ThirdPersonRun_PreviewMesh_Auto136FF5A564AA679746856129B36700C9D.tmp' to '../../../../../../Users/administrator/Desktop/Project_UE4/roll_and_chat/Saved/Autosaves/Game/Mannequin/Animations/ThirdPersonRun_PreviewMesh_Auto1.uasset'
[2020.08.18-08.49.21:549][687]LogFileHelpers: Auto-saving content packages took 0.192
[2020.08.18-08.53.14:946][269]LogSlate: Window 'FBX Export Options' being destroyed
[2020.08.18-08.53.15:073][269]LogFbx: Warning: FBX version number for this version of the FBX SDK is 7.5.0


[2020.08.18-08.55.42:725][834]LogSlate: Window 'FBX Export Options' being destroyed
[2020.08.18-08.55.42:835][834]LogFbx: Warning: FBX version number for this version of the FBX SDK is 7.5.0


[2020.08.18-12.08.40:269][808]LogWindowsTextInputMethodSystem: Display: IME system now deactivated.
[2020.08.18-12.08.40:270][808]LogWindowsTextInputMethodSystem: Display: IME system now deactivated.
[2020.08.18-12.49.07:537][205]LogTemp: Resetting audio stream to device id 
[2020.08.18-12.49.08:357][205]LogAudioMixer: Display: 0: FrontLeft
[2020.08.18-12.49.08:357][205]LogAudioMixer: Display: 1: FrontRight
[2020.08.18-12.49.09:402][206]LogTemp: Resetting audio stream to device id 
[2020.08.18-12.49.09:420][206]LogAudioMixer: Display: 0: FrontLeft
[2020.08.18-12.49.09:420][206]LogAudioMixer: Display: 1: FrontRight
[2020.08.18-14.56.16:128][229]LogD3D11RHI: Timed out while waiting for GPU to catch up. (500 ms)
[2020.08.18-14.56.18:809][229]LogTemp: Resetting audio stream to device id 
[2020.08.18-14.56.19:115][229]LogAudioMixer: Display: 0: FrontLeft
[2020.08.18-14.56.19:115][229]LogAudioMixer: Display: 1: FrontRight
[2020.08.18-14.56.22:902][230]LogTemp: Resetting audio stream to device id 
[2020.08.18-14.56.23:250][230]LogAudioMixer: Display: 0: FrontLeft
[2020.08.18-14.56.23:250][230]LogAudioMixer: Display: 1: FrontRight
[2020.08.18-14.56.24:387][231]LogHttp: Warning: 0000026EAE834100: invalid HTTP response code received. URL: https://datarouter.ol.epicgames.com/datarouter/api/v1/public/data?SessionID=%7B8BB8E382-42B7-2CDD-BCA2-2681FE40ADDF%7D&AppID=UEEditor.Rocket.Release&AppVersion=4.25.1-13594126%2B%2B%2BUE4%2BRelease-4.25&UserID=4781cfe1449543fba780dbbae0e0ce5d%7C544c8e254f324fceba97fce35d675244%7C2b96f754-de29-416c-9bc9-d71e3f41c1a5&AppEnvironment=datacollector-source&UploadType=eteventstream, HTTP code: 0, content length: 0, actual payload size: 0
[2020.08.18-14.56.24:660][231]LogHttp: Warning: 0000026EAE834100: request failed, libcurl error: 56 (Failure when receiving data from the peer)
[2020.08.18-14.56.24:660][231]LogHttp: Warning: 0000026EAE834100: libcurl info message cache 0 (Found bundle for host datarouter.ol.epicgames.com: 0x26e72447f70 [can pipeline])
[2020.08.18-14.56.24:660][231]LogHttp: Warning: 0000026EAE834100: libcurl info message cache 1 (Re-using existing connection! (#24) with host datarouter.ol.epicgames.com)
[2020.08.18-14.56.25:008][231]LogHttp: Warning: 0000026EAE834100: libcurl info message cache 2 (Connected to datarouter.ol.epicgames.com (52.73.243.175) port 443 (#24))
[2020.08.18-14.56.25:008][231]LogHttp: Warning: 0000026EAE834100: libcurl info message cache 3 (We are completely uploaded and fine)
[2020.08.18-14.56.25:008][231]LogHttp: Warning: 0000026EAE834100: libcurl info message cache 4 (OpenSSL SSL_read: SSL_ERROR_SYSCALL, errno 10054)
[2020.08.18-14.56.25:008][231]LogHttp: Warning: 0000026EAE834100: libcurl info message cache 5 (Connection died, retrying a fresh connect)
[2020.08.18-14.56.25:008][231]LogHttp: Warning: 0000026EAE834100: libcurl info message cache 6 (necessary data rewind wasn't possible)
[2020.08.18-14.56.25:008][231]LogHttp: Warning: 0000026EAE834100: libcurl info message cache 7 (Closing connection 24)
[2020.08.18-14.56.25:017][231]LogTemp: Resetting audio stream to device id 
[2020.08.18-14.56.25:338][231]LogAudioMixer: Display: 0: FrontLeft
[2020.08.18-14.56.25:338][231]LogAudioMixer: Display: 1: FrontRight
[2020.08.18-14.56.26:218][232]LogHttp: Warning: Retry exhausted on https://datarouter.ol.epicgames.com/datarouter/api/v1/public/data?SessionID=%7B8BB8E382-42B7-2CDD-BCA2-2681FE40ADDF%7D&AppID=UEEditor.Rocket.Release&AppVersion=4.25.1-13594126%2B%2B%2BUE4%2BRelease-4.25&UserID=4781cfe1449543fba780dbbae0e0ce5d%7C544c8e254f324fceba97fce35d675244%7C2b96f754-de29-416c-9bc9-d71e3f41c1a5&AppEnvironment=datacollector-source&UploadType=eteventstream
[2020.08.18-17.13.22:552][110]LogHttp: Warning: 0000026EAE834100: invalid HTTP response code received. URL: https://datarouter.ol.epicgames.com/datarouter/api/v1/public/data?SessionID=%7B8BB8E382-42B7-2CDD-BCA2-2681FE40ADDF%7D&AppID=UEEditor.Rocket.Release&AppVersion=4.25.1-13594126%2B%2B%2BUE4%2BRelease-4.25&UserID=4781cfe1449543fba780dbbae0e0ce5d%7C544c8e254f324fceba97fce35d675244%7C2b96f754-de29-416c-9bc9-d71e3f41c1a5&AppEnvironment=datacollector-source&UploadType=eteventstream, HTTP code: 0, content length: 0, actual payload size: 0
[2020.08.18-17.13.22:576][110]LogHttp: Warning: 0000026EAE834100: request failed, libcurl error: 56 (Failure when receiving data from the peer)
[2020.08.18-17.13.22:577][110]LogHttp: Warning: 0000026EAE834100: libcurl info message cache 0 (Found bundle for host datarouter.ol.epicgames.com: 0x26e72447f70 [can pipeline])
[2020.08.18-17.13.22:602][110]LogHttp: Warning: 0000026EAE834100: libcurl info message cache 1 (Re-using existing connection! (#34) with host datarouter.ol.epicgames.com)
[2020.08.18-17.13.22:602][110]LogHttp: Warning: 0000026EAE834100: libcurl info message cache 2 (Connected to datarouter.ol.epicgames.com (34.231.203.108) port 443 (#34))
[2020.08.18-17.13.22:602][110]LogHttp: Warning: 0000026EAE834100: libcurl info message cache 3 (We are completely uploaded and fine)
[2020.08.18-17.13.22:602][110]LogHttp: Warning: 0000026EAE834100: libcurl info message cache 4 (OpenSSL SSL_read: SSL_ERROR_SYSCALL, errno 10054)
[2020.08.18-17.13.22:602][110]LogHttp: Warning: 0000026EAE834100: libcurl info message cache 5 (Connection died, retrying a fresh connect)
[2020.08.18-17.13.22:602][110]LogHttp: Warning: 0000026EAE834100: libcurl info message cache 6 (necessary data rewind wasn't possible)
[2020.08.18-17.13.22:602][110]LogHttp: Warning: 0000026EAE834100: libcurl info message cache 7 (Closing connection 34)
[2020.08.18-17.13.22:602][110]LogHttp: Warning: Retry exhausted on https://datarouter.ol.epicgames.com/datarouter/api/v1/public/data?SessionID=%7B8BB8E382-42B7-2CDD-BCA2-2681FE40ADDF%7D&AppID=UEEditor.Rocket.Release&AppVersion=4.25.1-13594126%2B%2B%2BUE4%2BRelease-4.25&UserID=4781cfe1449543fba780dbbae0e0ce5d%7C544c8e254f324fceba97fce35d675244%7C2b96f754-de29-416c-9bc9-d71e3f41c1a5&AppEnvironment=datacollector-source&UploadType=eteventstream
[2020.08.18-20.02.20:179][719]LogUObjectHash: Compacting FUObjectHashTables data took  34.59ms
[2020.08.18-20.02.25:307][719]LogSlate: Window 'Save Content' being destroyed
[2020.08.18-20.02.26:096][719]LogSavePackage: Moving '../../../../../../Users/administrator/Desktop/Project_UE4/roll_and_chat/Saved/ThirdPersonRun_PreviewMeshFB60B39B46851902C33E618606A5E4D5.tmp' to '../../../../../../Users/administrator/Desktop/Project_UE4/roll_and_chat/Content/Mannequin/Animations/ThirdPersonRun_PreviewMesh.uasset'
[2020.08.18-20.02.29:470][719]LogWorld: UWorld::CleanupWorld for World_2, bSessionEnded=true, bCleanupResources=true
[2020.08.18-20.02.29:470][719]LogSlate: InvalidateAllWidgets triggered.  All widgets were invalidated
[2020.08.18-20.02.30:962][719]LogWorld: UWorld::CleanupWorld for World_8, bSessionEnded=true, bCleanupResources=true
[2020.08.18-20.02.30:962][719]LogSlate: InvalidateAllWidgets triggered.  All widgets were invalidated
[2020.08.18-20.02.31:071][719]LogSlate: Window 'ThirdPersonRun' being destroyed
[2020.08.18-20.02.31:712][719]LogWorld: UWorld::CleanupWorld for World_10, bSessionEnded=true, bCleanupResources=true
[2020.08.18-20.02.31:712][719]LogSlate: InvalidateAllWidgets triggered.  All widgets were invalidated
[2020.08.18-20.02.31:859][719]LogWorld: UWorld::CleanupWorld for World_9, bSessionEnded=true, bCleanupResources=true
[2020.08.18-20.02.31:860][719]LogSlate: InvalidateAllWidgets triggered.  All widgets were invalidated
[2020.08.18-20.02.32:181][719]LogSlate: Window 'roll_and_chat - Unreal Editor' being destroyed
[2020.08.18-20.02.32:265][719]LogWindowsTextInputMethodSystem: Display: IME system now deactivated.
[2020.08.18-20.02.33:595][719]AssetCheck: New page: Asset Save: ThirdPersonRun_PreviewMesh
[2020.08.18-20.02.33:647][719]LogContentValidation: Display: Validating AnimSequence /Game/Mannequin/Animations/ThirdPersonRun_PreviewMesh.ThirdPersonRun_PreviewMesh
[2020.08.18-20.02.33:720][720]Cmd: QUIT_EDITOR
[2020.08.18-20.02.33:720][720]LogCore: Engine exit requested (reason: UUnrealEdEngine::CloseEditor())
[2020.08.18-20.02.33:888][720]LogCore: Engine exit requested (reason: EngineExit() was called; note: exit was already requested)
[2020.08.18-20.02.35:091][720]LogExit: Preparing to exit.
[2020.08.18-20.02.35:955][720]LogUObjectHash: Compacting FUObjectHashTables data took   4.21ms
[2020.08.18-20.02.42:715][720]LogActorComponent: UnregisterComponent: (None.None) Not registered. Aborting.
[2020.08.18-20.02.42:715][720]LogActorComponent: UnregisterComponent: (None.None) Not registered. Aborting.
[2020.08.18-20.02.42:715][720]LogActorComponent: UnregisterComponent: (None.None) Not registered. Aborting.
[2020.08.18-20.02.42:715][720]LogActorComponent: UnregisterComponent: (None.None) Not registered. Aborting.
[2020.08.18-20.02.42:715][720]LogActorComponent: UnregisterComponent: (None.None) Not registered. Aborting.
[2020.08.18-20.02.42:715][720]LogActorComponent: UnregisterComponent: (None.None) Not registered. Aborting.
[2020.08.18-20.02.42:715][720]LogActorComponent: UnregisterComponent: (None.None) Not registered. Aborting.
[2020.08.18-20.02.42:716][720]LogWorld: UWorld::CleanupWorld for None, bSessionEnded=true, bCleanupResources=true
[2020.08.18-20.02.42:716][720]LogActorComponent: UnregisterComponent: (None.None) Not registered. Aborting.
[2020.08.18-20.02.42:716][720]LogActorComponent: UnregisterComponent: (None.None) Not registered. Aborting.
[2020.08.18-20.02.42:716][720]LogActorComponent: UnregisterComponent: (None.None) Not registered. Aborting.
[2020.08.18-20.02.42:716][720]LogActorComponent: UnregisterComponent: (None.None) Not registered. Aborting.
[2020.08.18-20.02.42:716][720]LogActorComponent: UnregisterComponent: (None.None) Not registered. Aborting.
[2020.08.18-20.02.42:716][720]LogActorComponent: UnregisterComponent: (None.None) Not registered. Aborting.
[2020.08.18-20.02.42:716][720]LogActorComponent: UnregisterComponent: (None.None) Not registered. Aborting.
[2020.08.18-20.02.42:716][720]LogWorld: UWorld::CleanupWorld for None, bSessionEnded=true, bCleanupResources=true
[2020.08.18-20.02.42:716][720]LogActorComponent: UnregisterComponent: (None.None) Not registered. Aborting.
[2020.08.18-20.02.42:716][720]LogActorComponent: UnregisterComponent: (None.None) Not registered. Aborting.
[2020.08.18-20.02.42:716][720]LogActorComponent: UnregisterComponent: (None.None) Not registered. Aborting.
[2020.08.18-20.02.42:716][720]LogActorComponent: UnregisterComponent: (None.None) Not registered. Aborting.
[2020.08.18-20.02.42:717][720]LogActorComponent: UnregisterComponent: (None.None) Not registered. Aborting.
[2020.08.18-20.02.42:717][720]LogActorComponent: UnregisterComponent: (None.None) Not registered. Aborting.
[2020.08.18-20.02.42:717][720]LogActorComponent: UnregisterComponent: (None.None) Not registered. Aborting.
[2020.08.18-20.02.42:717][720]LogWorld: UWorld::CleanupWorld for None, bSessionEnded=true, bCleanupResources=true
[2020.08.18-20.02.42:717][720]LogActorComponent: UnregisterComponent: (None.None) Not registered. Aborting.
[2020.08.18-20.02.42:717][720]LogActorComponent: UnregisterComponent: (None.None) Not registered. Aborting.
[2020.08.18-20.02.42:717][720]LogActorComponent: UnregisterComponent: (None.None) Not registered. Aborting.
[2020.08.18-20.02.42:717][720]LogActorComponent: UnregisterComponent: (None.None) Not registered. Aborting.
[2020.08.18-20.02.42:717][720]LogActorComponent: UnregisterComponent: (None.None) Not registered. Aborting.
[2020.08.18-20.02.42:717][720]LogActorComponent: UnregisterComponent: (None.None) Not registered. Aborting.
[2020.08.18-20.02.42:717][720]LogActorComponent: UnregisterComponent: (None.None) Not registered. Aborting.
[2020.08.18-20.02.42:717][720]LogWorld: UWorld::CleanupWorld for None, bSessionEnded=true, bCleanupResources=true
[2020.08.18-20.02.42:718][720]LogActorComponent: UnregisterComponent: (None.None) Not registered. Aborting.
[2020.08.18-20.02.42:718][720]LogActorComponent: UnregisterComponent: (None.None) Not registered. Aborting.
[2020.08.18-20.02.42:718][720]LogActorComponent: UnregisterComponent: (None.None) Not registered. Aborting.
[2020.08.18-20.02.42:718][720]LogActorComponent: UnregisterComponent: (None.None) Not registered. Aborting.
[2020.08.18-20.02.42:718][720]LogActorComponent: UnregisterComponent: (None.None) Not registered. Aborting.
[2020.08.18-20.02.42:718][720]LogActorComponent: UnregisterComponent: (None.None) Not registered. Aborting.
[2020.08.18-20.02.42:718][720]LogActorComponent: UnregisterComponent: (None.None) Not registered. Aborting.
[2020.08.18-20.02.42:718][720]LogWorld: UWorld::CleanupWorld for None, bSessionEnded=true, bCleanupResources=true
[2020.08.18-20.02.43:295][720]LogDemo: Cleaned up 0 splitscreen connections with owner deletion
[2020.08.18-20.02.44:699][720]LogWorld: UWorld::CleanupWorld for None, bSessionEnded=true, bCleanupResources=true
[2020.08.18-20.02.44:701][720]LogExit: Editor shut down
[2020.08.18-20.02.45:071][720]LogExit: Transaction tracking system shut down
[2020.08.18-20.02.52:795][720]LogAISub: UAISubsystem::~UAISubsystem AISubsystem (0000026E11CF6340), frame # 118720
[2020.08.18-20.02.52:796][720]LogAISub: UAISubsystem::~UAISubsystem AIPerceptionSystem (0000026E11C9D1C0), frame # 118720
[2020.08.18-20.02.52:801][720]LogAISub: UAISubsystem::~UAISubsystem EnvQueryManager (0000026E11E02A00), frame # 118720
[2020.08.18-20.02.55:215][720]LogAISub: UAISubsystem::~UAISubsystem EnvQueryManager (0000026E0831CE00), frame # 118720
[2020.08.18-20.02.55:215][720]LogAISub: UAISubsystem::~UAISubsystem AIPerceptionSystem (0000026E03C1E200), frame # 118720
[2020.08.18-20.02.59:367][720]LogExit: Object subsystem successfully closed.
[2020.08.18-20.03.01:577][720]LogShaderCompilers: Display: Shaders left to compile 0
